
ROM used:   3604/64704 (6%)
            3604/64704 (6%) including unused fragments

            0.9 Average locations per line
            3.2 Average locations per statement

RAM used:   123/3956 (3%) at main() level
            136/3956 (3%) worst case

Stack used: 3 worst case (2 in main + 1 for interrupts)
Stack size: 30

Lines Stmts  %   Files
----- ----- ---  -----
 1003   697  61  main.c
  842     0   0  ..\..\..\..\..\..\..\..\Program Files (x86)\PICC\devices\18f4620.h
  435     0   0  ..\..\..\..\..\..\..\..\Program Files (x86)\PICC\drivers\string.h
   32     0   0  ..\..\..\..\..\..\..\..\Program Files (x86)\PICC\drivers\stddef.h
   28     0   0  ..\..\..\..\..\..\..\..\Program Files (x86)\PICC\drivers\ctype.h
 1352   359  32  ..\..\..\..\..\..\..\..\Program Files (x86)\PICC\drivers\stdlib.h
  113     0   0  protocol.h
   28     0   0  groups.h
  269    79   7  ..\..\..\..\..\..\..\..\Program Files (x86)\PICC\drivers\input.c
----- -----
 4102  1135 Total

Page ROM  %  RAM    Vol Diff  Functions:
---- --- --- ---    --- ----  ----------
0     40   1    1             @delay_ms1
0      8   0    0             @PUTCHARI_BIU_1
0     66   1    1             @PUTCHAR_2_
0     68   1    1             @GETCH_2_
0     64   1    1             @PUTCHAR_3_
0     34   0    2    167  3.3  blinkA0
0      8   0    0     17  0.8  ms25
0      8   0    1     33  1.7  print_debug
0     36   0    2             @PSTRINGR_901
0     14   0    0             @const1141
0     34   0    2             @PSTRINGC_905
0     20   0    0             @const1143
0     12   0    0             @const1145
0     10   0    0             @const1146
0     40   1    1    197  3.6  halt
0     76   1    2    439  3.9  wake_EVR
0     44   1    2    238  3.8  setLang
0     44   1    2    238  3.8  setTimeout
0    154   2    2    993  6.8  listenWS1
0     16   0    0             @const1161
0    126   2    2    846  6.9  listenWS2
0    162   2    2   1045  6.9  listenWS3
0    184   3    2   1157  6.9  listenGP1
0    156   2    2    944  6.9  listenGP2
0    174   2    2   1045  6.9  listenGP3
0   1214  17    2  14192  6.0  playback
0     78   1    0             @goto25941
0     54   1    2    206  4.5  EXT_isr
0    122   2    0    597  4.3  StateMachine
0    198   3    0     96  2.0  main
 Inline         0             @cinit1

Program metrics:
    Functions               17
    Statements              1135
    Comments                955
    Volume (V)              30615
    Difficulty (D)          80.4
    Effort to implement (E) 2459975
    Time to implement (T)   37 hours, 58 minutes
    Est Delivered Bugs (B)  6
    Cyclomatic Complexity   149
    Maintainability (MI)    21

 Segment     Used  Free
-----------  ----  ----
00000-00002     4  0  
00004-00006     0  4  
00008-00156   336  0  
00158-0FCBE  3264  61096  



