;  LST file generated by mikroListExporter - v.2.0 
; Date/Time: 11-Feb-17 9:32:22 PM
;----------------------------------------------

;Address Opcode 	ASM
0x0000	0xF004EF4A  	GOTO        2196
0x0004	0x0000      	NOP
0x0006	0x0000      	NOP
0x0008	0xF000EF00  	GOTO        0
0x000C	0x0000      	NOP
0x000E	0x0000      	NOP
0x0010	0x0000      	NOP
0x0012	0x0000      	NOP
0x0014	0x0000      	NOP
0x0016	0x0000      	NOP
0x0018	0xD7F3      	BRA         0
_COMFREM:
;__Lib_Math.c,922 :: 		
;__Lib_Math.c,927 :: 		
0x001C	0x1E0B      	COMF        R11, 1, 0
;__Lib_Math.c,928 :: 		
0x001E	0x1E0A      	COMF        R10, 1, 0
;__Lib_Math.c,929 :: 		
0x0020	0x1E09      	COMF        R9, 1, 0
;__Lib_Math.c,930 :: 		
0x0022	0x1E08      	COMF        R8, 1, 0
;__Lib_Math.c,931 :: 		
0x0024	0x2A08      	INCF        R8, 1, 0
;__Lib_Math.c,932 :: 		
0x0026	0xB4D8      	BTFSC       STATUS, 2, 0
;__Lib_Math.c,933 :: 		
0x0028	0x2A09      	INCF        R9, 1, 0
;__Lib_Math.c,934 :: 		
0x002A	0xB4D8      	BTFSC       STATUS, 2, 0
;__Lib_Math.c,935 :: 		
0x002C	0x2A0A      	INCF        R10, 1, 0
;__Lib_Math.c,936 :: 		
0x002E	0xB4D8      	BTFSC       STATUS, 2, 0
;__Lib_Math.c,937 :: 		
0x0030	0x2A0B      	INCF        R11, 1, 0
;__Lib_Math.c,939 :: 		
L_end_COMFREM:
0x0032	0x0012      	RETURN      0
; end of _COMFREM
_SDIV3232L:
;__Lib_Math.c,553 :: 		
;__Lib_Math.c,563 :: 		
0x0034	0x5004      	MOVF        R4, 0, 0
;__Lib_Math.c,564 :: 		
0x0036	0x5E08      	SUBWF       R8, 1, 0
;__Lib_Math.c,565 :: 		
0x0038	0x5005      	MOVF        R5, 0, 0
;__Lib_Math.c,566 :: 		
0x003A	0xA0D8      	BTFSS       STATUS, 0, 0
;__Lib_Math.c,567 :: 		
0x003C	0x3C05      	INCFSZ      R5, 0, 0
;__Lib_Math.c,568 :: 		
0x003E	0x5E09      	SUBWF       R9, 1, 0
;__Lib_Math.c,569 :: 		
0x0040	0x5006      	MOVF        R6, 0, 0
;__Lib_Math.c,570 :: 		
0x0042	0xA0D8      	BTFSS       STATUS, 0, 0
;__Lib_Math.c,571 :: 		
0x0044	0x3C06      	INCFSZ      R6, 0, 0
;__Lib_Math.c,572 :: 		
0x0046	0x5E0A      	SUBWF       R10, 1, 0
;__Lib_Math.c,573 :: 		
0x0048	0x5007      	MOVF        R7, 0, 0
;__Lib_Math.c,574 :: 		
0x004A	0xA0D8      	BTFSS       STATUS, 0, 0
;__Lib_Math.c,575 :: 		
0x004C	0x3C07      	INCFSZ      R7, 0, 0
;__Lib_Math.c,576 :: 		
0x004E	0x5E0B      	SUBWF       R11, 1, 0
;__Lib_Math.c,577 :: 		
0x0050	0x3603      	RLCF        R3, 1, 0
;__Lib_Math.c,579 :: 		
0x0052	0x0E07      	MOVLW       7
;__Lib_Math.c,580 :: 		
0x0054	0x6E0C      	MOVWF       R12, 0
;__Lib_Math.c,582 :: 		
LOOPS3232A:
;__Lib_Math.c,583 :: 		
0x0056	0x3403      	RLCF        R3, 0, 0
;__Lib_Math.c,584 :: 		
0x0058	0x3608      	RLCF        R8, 1, 0
;__Lib_Math.c,585 :: 		
0x005A	0x3609      	RLCF        R9, 1, 0
;__Lib_Math.c,586 :: 		
0x005C	0x360A      	RLCF        R10, 1, 0
;__Lib_Math.c,587 :: 		
0x005E	0x360B      	RLCF        R11, 1, 0
;__Lib_Math.c,588 :: 		
0x0060	0x5004      	MOVF        R4, 0, 0
;__Lib_Math.c,589 :: 		
0x0062	0xA003      	BTFSS       R3, 0, 0
;__Lib_Math.c,590 :: 		
0x0064	0xD00E      	BRA         SADD22LA
;__Lib_Math.c,592 :: 		
0x0066	0x5E08      	SUBWF       R8, 1, 0
;__Lib_Math.c,593 :: 		
0x0068	0x5005      	MOVF        R5, 0, 0
;__Lib_Math.c,594 :: 		
0x006A	0xA0D8      	BTFSS       STATUS, 0, 0
;__Lib_Math.c,595 :: 		
0x006C	0x3C05      	INCFSZ      R5, 0, 0
;__Lib_Math.c,596 :: 		
0x006E	0x5E09      	SUBWF       R9, 1, 0
;__Lib_Math.c,597 :: 		
0x0070	0x5006      	MOVF        R6, 0, 0
;__Lib_Math.c,598 :: 		
0x0072	0xA0D8      	BTFSS       STATUS, 0, 0
;__Lib_Math.c,599 :: 		
0x0074	0x3C06      	INCFSZ      R6, 0, 0
;__Lib_Math.c,600 :: 		
0x0076	0x5E0A      	SUBWF       R10, 1, 0
;__Lib_Math.c,601 :: 		
0x0078	0x5007      	MOVF        R7, 0, 0
;__Lib_Math.c,602 :: 		
0x007A	0xA0D8      	BTFSS       STATUS, 0, 0
;__Lib_Math.c,603 :: 		
0x007C	0x3C07      	INCFSZ      R7, 0, 0
;__Lib_Math.c,604 :: 		
0x007E	0x5E0B      	SUBWF       R11, 1, 0
;__Lib_Math.c,605 :: 		
0x0080	0xD00D      	BRA         SOK22LA
;__Lib_Math.c,607 :: 		
SADD22LA:
;__Lib_Math.c,608 :: 		
0x0082	0x2608      	ADDWF       R8, 1, 0
;__Lib_Math.c,609 :: 		
0x0084	0x5005      	MOVF        R5, 0, 0
;__Lib_Math.c,610 :: 		
0x0086	0xB0D8      	BTFSC       STATUS, 0, 0
;__Lib_Math.c,611 :: 		
0x0088	0x3C05      	INCFSZ      R5, 0, 0
;__Lib_Math.c,612 :: 		
0x008A	0x2609      	ADDWF       R9, 1, 0
;__Lib_Math.c,613 :: 		
0x008C	0x5006      	MOVF        R6, 0, 0
;__Lib_Math.c,614 :: 		
0x008E	0xB0D8      	BTFSC       STATUS, 0, 0
;__Lib_Math.c,615 :: 		
0x0090	0x3C06      	INCFSZ      R6, 0, 0
;__Lib_Math.c,616 :: 		
0x0092	0x260A      	ADDWF       R10, 1, 0
;__Lib_Math.c,617 :: 		
0x0094	0x5007      	MOVF        R7, 0, 0
;__Lib_Math.c,618 :: 		
0x0096	0xB0D8      	BTFSC       STATUS, 0, 0
;__Lib_Math.c,619 :: 		
0x0098	0x3C07      	INCFSZ      R7, 0, 0
;__Lib_Math.c,620 :: 		
0x009A	0x260B      	ADDWF       R11, 1, 0
;__Lib_Math.c,622 :: 		
SOK22LA:
;__Lib_Math.c,623 :: 		
0x009C	0x3603      	RLCF        R3, 1, 0
;__Lib_Math.c,625 :: 		
0x009E	0x2E0C      	DECFSZ      R12, 1, 0
;__Lib_Math.c,626 :: 		
0x00A0	0xD7DA      	BRA         LOOPS3232A
;__Lib_Math.c,628 :: 		
0x00A2	0x3402      	RLCF        R2, 0, 0
;__Lib_Math.c,629 :: 		
0x00A4	0x3608      	RLCF        R8, 1, 0
;__Lib_Math.c,630 :: 		
0x00A6	0x3609      	RLCF        R9, 1, 0
;__Lib_Math.c,631 :: 		
0x00A8	0x360A      	RLCF        R10, 1, 0
;__Lib_Math.c,632 :: 		
0x00AA	0x360B      	RLCF        R11, 1, 0
;__Lib_Math.c,633 :: 		
0x00AC	0x5004      	MOVF        R4, 0, 0
;__Lib_Math.c,634 :: 		
0x00AE	0xA003      	BTFSS       R3, 0, 0
;__Lib_Math.c,635 :: 		
0x00B0	0xD00E      	BRA         SADD22L8
;__Lib_Math.c,637 :: 		
0x00B2	0x5E08      	SUBWF       R8, 1, 0
;__Lib_Math.c,638 :: 		
0x00B4	0x5005      	MOVF        R5, 0, 0
;__Lib_Math.c,639 :: 		
0x00B6	0xA0D8      	BTFSS       STATUS, 0, 0
;__Lib_Math.c,640 :: 		
0x00B8	0x3C05      	INCFSZ      R5, 0, 0
;__Lib_Math.c,641 :: 		
0x00BA	0x5E09      	SUBWF       R9, 1, 0
;__Lib_Math.c,642 :: 		
0x00BC	0x5006      	MOVF        R6, 0, 0
;__Lib_Math.c,643 :: 		
0x00BE	0xA0D8      	BTFSS       STATUS, 0, 0
;__Lib_Math.c,644 :: 		
0x00C0	0x3C06      	INCFSZ      R6, 0, 0
;__Lib_Math.c,645 :: 		
0x00C2	0x5E0A      	SUBWF       R10, 1, 0
;__Lib_Math.c,646 :: 		
0x00C4	0x5007      	MOVF        R7, 0, 0
;__Lib_Math.c,647 :: 		
0x00C6	0xA0D8      	BTFSS       STATUS, 0, 0
;__Lib_Math.c,648 :: 		
0x00C8	0x3C07      	INCFSZ      R7, 0, 0
;__Lib_Math.c,649 :: 		
0x00CA	0x5E0B      	SUBWF       R11, 1, 0
;__Lib_Math.c,650 :: 		
0x00CC	0xD00D      	BRA         SOK22L8
;__Lib_Math.c,652 :: 		
SADD22L8:
;__Lib_Math.c,653 :: 		
0x00CE	0x2608      	ADDWF       R8, 1, 0
;__Lib_Math.c,654 :: 		
0x00D0	0x5005      	MOVF        R5, 0, 0
;__Lib_Math.c,655 :: 		
0x00D2	0xB0D8      	BTFSC       STATUS, 0, 0
;__Lib_Math.c,656 :: 		
0x00D4	0x3C05      	INCFSZ      R5, 0, 0
;__Lib_Math.c,657 :: 		
0x00D6	0x2609      	ADDWF       R9, 1, 0
;__Lib_Math.c,658 :: 		
0x00D8	0x5006      	MOVF        R6, 0, 0
;__Lib_Math.c,659 :: 		
0x00DA	0xB0D8      	BTFSC       STATUS, 0, 0
;__Lib_Math.c,660 :: 		
0x00DC	0x3C06      	INCFSZ      R6, 0, 0
;__Lib_Math.c,661 :: 		
0x00DE	0x260A      	ADDWF       R10, 1, 0
;__Lib_Math.c,662 :: 		
0x00E0	0x5007      	MOVF        R7, 0, 0
;__Lib_Math.c,663 :: 		
0x00E2	0xB0D8      	BTFSC       STATUS, 0, 0
;__Lib_Math.c,664 :: 		
0x00E4	0x3C07      	INCFSZ      R7, 0, 0
;__Lib_Math.c,665 :: 		
0x00E6	0x260B      	ADDWF       R11, 1, 0
;__Lib_Math.c,667 :: 		
SOK22L8:
;__Lib_Math.c,668 :: 		
0x00E8	0x3602      	RLCF        R2, 1, 0
;__Lib_Math.c,670 :: 		
0x00EA	0x0E07      	MOVLW       7
;__Lib_Math.c,671 :: 		
0x00EC	0x6E0C      	MOVWF       R12, 0
;__Lib_Math.c,673 :: 		
LOOPS3232B:
;__Lib_Math.c,674 :: 		
0x00EE	0x3402      	RLCF        R2, 0, 0
;__Lib_Math.c,675 :: 		
0x00F0	0x3608      	RLCF        R8, 1, 0
;__Lib_Math.c,676 :: 		
0x00F2	0x3609      	RLCF        R9, 1, 0
;__Lib_Math.c,677 :: 		
0x00F4	0x360A      	RLCF        R10, 1, 0
;__Lib_Math.c,678 :: 		
0x00F6	0x360B      	RLCF        R11, 1, 0
;__Lib_Math.c,679 :: 		
0x00F8	0x5004      	MOVF        R4, 0, 0
;__Lib_Math.c,680 :: 		
0x00FA	0xA002      	BTFSS       R2, 0, 0
;__Lib_Math.c,681 :: 		
0x00FC	0xD00E      	BRA         SADD22LB
;__Lib_Math.c,683 :: 		
0x00FE	0x5E08      	SUBWF       R8, 1, 0
;__Lib_Math.c,684 :: 		
0x0100	0x5005      	MOVF        R5, 0, 0
;__Lib_Math.c,685 :: 		
0x0102	0xA0D8      	BTFSS       STATUS, 0, 0
;__Lib_Math.c,686 :: 		
0x0104	0x3C05      	INCFSZ      R5, 0, 0
;__Lib_Math.c,687 :: 		
0x0106	0x5E09      	SUBWF       R9, 1, 0
;__Lib_Math.c,688 :: 		
0x0108	0x5006      	MOVF        R6, 0, 0
;__Lib_Math.c,689 :: 		
0x010A	0xA0D8      	BTFSS       STATUS, 0, 0
;__Lib_Math.c,690 :: 		
0x010C	0x3C06      	INCFSZ      R6, 0, 0
;__Lib_Math.c,691 :: 		
0x010E	0x5E0A      	SUBWF       R10, 1, 0
;__Lib_Math.c,692 :: 		
0x0110	0x5007      	MOVF        R7, 0, 0
;__Lib_Math.c,693 :: 		
0x0112	0xA0D8      	BTFSS       STATUS, 0, 0
;__Lib_Math.c,694 :: 		
0x0114	0x3C07      	INCFSZ      R7, 0, 0
;__Lib_Math.c,695 :: 		
0x0116	0x5E0B      	SUBWF       R11, 1, 0
;__Lib_Math.c,696 :: 		
0x0118	0xD00D      	BRA         SOK22LB
;__Lib_Math.c,698 :: 		
SADD22LB:
;__Lib_Math.c,699 :: 		
0x011A	0x2608      	ADDWF       R8, 1, 0
;__Lib_Math.c,700 :: 		
0x011C	0x5005      	MOVF        R5, 0, 0
;__Lib_Math.c,701 :: 		
0x011E	0xB0D8      	BTFSC       STATUS, 0, 0
;__Lib_Math.c,702 :: 		
0x0120	0x3C05      	INCFSZ      R5, 0, 0
;__Lib_Math.c,703 :: 		
0x0122	0x2609      	ADDWF       R9, 1, 0
;__Lib_Math.c,704 :: 		
0x0124	0x5006      	MOVF        R6, 0, 0
;__Lib_Math.c,705 :: 		
0x0126	0xB0D8      	BTFSC       STATUS, 0, 0
;__Lib_Math.c,706 :: 		
0x0128	0x3C06      	INCFSZ      R6, 0, 0
;__Lib_Math.c,707 :: 		
0x012A	0x260A      	ADDWF       R10, 1, 0
;__Lib_Math.c,708 :: 		
0x012C	0x5007      	MOVF        R7, 0, 0
;__Lib_Math.c,709 :: 		
0x012E	0xB0D8      	BTFSC       STATUS, 0, 0
;__Lib_Math.c,710 :: 		
0x0130	0x3C07      	INCFSZ      R7, 0, 0
;__Lib_Math.c,711 :: 		
0x0132	0x260B      	ADDWF       R11, 1, 0
;__Lib_Math.c,713 :: 		
SOK22LB:
;__Lib_Math.c,714 :: 		
0x0134	0x3602      	RLCF        R2, 1, 0
;__Lib_Math.c,716 :: 		
0x0136	0x2E0C      	DECFSZ      R12, 1, 0
;__Lib_Math.c,717 :: 		
0x0138	0xD7DA      	BRA         LOOPS3232B
;__Lib_Math.c,719 :: 		
0x013A	0x3401      	RLCF        R1, 0, 0
;__Lib_Math.c,720 :: 		
0x013C	0x3608      	RLCF        R8, 1, 0
;__Lib_Math.c,721 :: 		
0x013E	0x3609      	RLCF        R9, 1, 0
;__Lib_Math.c,722 :: 		
0x0140	0x360A      	RLCF        R10, 1, 0
;__Lib_Math.c,723 :: 		
0x0142	0x360B      	RLCF        R11, 1, 0
;__Lib_Math.c,724 :: 		
0x0144	0x5004      	MOVF        R4, 0, 0
;__Lib_Math.c,725 :: 		
0x0146	0xA002      	BTFSS       R2, 0, 0
;__Lib_Math.c,726 :: 		
0x0148	0xD00E      	BRA         SADD22L16
;__Lib_Math.c,728 :: 		
0x014A	0x5E08      	SUBWF       R8, 1, 0
;__Lib_Math.c,729 :: 		
0x014C	0x5005      	MOVF        R5, 0, 0
;__Lib_Math.c,730 :: 		
0x014E	0xA0D8      	BTFSS       STATUS, 0, 0
;__Lib_Math.c,731 :: 		
0x0150	0x3C05      	INCFSZ      R5, 0, 0
;__Lib_Math.c,732 :: 		
0x0152	0x5E09      	SUBWF       R9, 1, 0
;__Lib_Math.c,733 :: 		
0x0154	0x5006      	MOVF        R6, 0, 0
;__Lib_Math.c,734 :: 		
0x0156	0xA0D8      	BTFSS       STATUS, 0, 0
;__Lib_Math.c,735 :: 		
0x0158	0x3C06      	INCFSZ      R6, 0, 0
;__Lib_Math.c,736 :: 		
0x015A	0x5E0A      	SUBWF       R10, 1, 0
;__Lib_Math.c,737 :: 		
0x015C	0x5007      	MOVF        R7, 0, 0
;__Lib_Math.c,738 :: 		
0x015E	0xA0D8      	BTFSS       STATUS, 0, 0
;__Lib_Math.c,739 :: 		
0x0160	0x3C07      	INCFSZ      R7, 0, 0
;__Lib_Math.c,740 :: 		
0x0162	0x5E0B      	SUBWF       R11, 1, 0
;__Lib_Math.c,741 :: 		
0x0164	0xD00D      	BRA         SOK22L16
;__Lib_Math.c,743 :: 		
SADD22L16:
;__Lib_Math.c,744 :: 		
0x0166	0x2608      	ADDWF       R8, 1, 0
;__Lib_Math.c,745 :: 		
0x0168	0x5005      	MOVF        R5, 0, 0
;__Lib_Math.c,746 :: 		
0x016A	0xB0D8      	BTFSC       STATUS, 0, 0
;__Lib_Math.c,747 :: 		
0x016C	0x3C05      	INCFSZ      R5, 0, 0
;__Lib_Math.c,748 :: 		
0x016E	0x2609      	ADDWF       R9, 1, 0
;__Lib_Math.c,749 :: 		
0x0170	0x5006      	MOVF        R6, 0, 0
;__Lib_Math.c,750 :: 		
0x0172	0xB0D8      	BTFSC       STATUS, 0, 0
;__Lib_Math.c,751 :: 		
0x0174	0x3C06      	INCFSZ      R6, 0, 0
;__Lib_Math.c,752 :: 		
0x0176	0x260A      	ADDWF       R10, 1, 0
;__Lib_Math.c,753 :: 		
0x0178	0x5007      	MOVF        R7, 0, 0
;__Lib_Math.c,754 :: 		
0x017A	0xB0D8      	BTFSC       STATUS, 0, 0
;__Lib_Math.c,755 :: 		
0x017C	0x3C07      	INCFSZ      R7, 0, 0
;__Lib_Math.c,756 :: 		
0x017E	0x260B      	ADDWF       R11, 1, 0
;__Lib_Math.c,758 :: 		
SOK22L16:
;__Lib_Math.c,759 :: 		
0x0180	0x3601      	RLCF        R1, 1, 0
;__Lib_Math.c,761 :: 		
0x0182	0x0E07      	MOVLW       7
;__Lib_Math.c,762 :: 		
0x0184	0x6E0C      	MOVWF       R12, 0
;__Lib_Math.c,764 :: 		
LOOPS3232C:
;__Lib_Math.c,765 :: 		
0x0186	0x3401      	RLCF        R1, 0, 0
;__Lib_Math.c,766 :: 		
0x0188	0x3608      	RLCF        R8, 1, 0
;__Lib_Math.c,767 :: 		
0x018A	0x3609      	RLCF        R9, 1, 0
;__Lib_Math.c,768 :: 		
0x018C	0x360A      	RLCF        R10, 1, 0
;__Lib_Math.c,769 :: 		
0x018E	0x360B      	RLCF        R11, 1, 0
;__Lib_Math.c,770 :: 		
0x0190	0x5004      	MOVF        R4, 0, 0
;__Lib_Math.c,771 :: 		
0x0192	0xA001      	BTFSS       R1, 0, 0
;__Lib_Math.c,772 :: 		
0x0194	0xD00E      	BRA         SADD22LC
;__Lib_Math.c,774 :: 		
0x0196	0x5E08      	SUBWF       R8, 1, 0
;__Lib_Math.c,775 :: 		
0x0198	0x5005      	MOVF        R5, 0, 0
;__Lib_Math.c,776 :: 		
0x019A	0xA0D8      	BTFSS       STATUS, 0, 0
;__Lib_Math.c,777 :: 		
0x019C	0x3C05      	INCFSZ      R5, 0, 0
;__Lib_Math.c,778 :: 		
0x019E	0x5E09      	SUBWF       R9, 1, 0
;__Lib_Math.c,779 :: 		
0x01A0	0x5006      	MOVF        R6, 0, 0
;__Lib_Math.c,780 :: 		
0x01A2	0xA0D8      	BTFSS       STATUS, 0, 0
;__Lib_Math.c,781 :: 		
0x01A4	0x3C06      	INCFSZ      R6, 0, 0
;__Lib_Math.c,782 :: 		
0x01A6	0x5E0A      	SUBWF       R10, 1, 0
;__Lib_Math.c,783 :: 		
0x01A8	0x5007      	MOVF        R7, 0, 0
;__Lib_Math.c,784 :: 		
0x01AA	0xA0D8      	BTFSS       STATUS, 0, 0
;__Lib_Math.c,785 :: 		
0x01AC	0x3C07      	INCFSZ      R7, 0, 0
;__Lib_Math.c,786 :: 		
0x01AE	0x5E0B      	SUBWF       R11, 1, 0
;__Lib_Math.c,787 :: 		
0x01B0	0xD00D      	BRA         SOK22LC
;__Lib_Math.c,789 :: 		
SADD22LC:
;__Lib_Math.c,790 :: 		
0x01B2	0x2608      	ADDWF       R8, 1, 0
;__Lib_Math.c,791 :: 		
0x01B4	0x5005      	MOVF        R5, 0, 0
;__Lib_Math.c,792 :: 		
0x01B6	0xB0D8      	BTFSC       STATUS, 0, 0
;__Lib_Math.c,793 :: 		
0x01B8	0x3C05      	INCFSZ      R5, 0, 0
;__Lib_Math.c,794 :: 		
0x01BA	0x2609      	ADDWF       R9, 1, 0
;__Lib_Math.c,795 :: 		
0x01BC	0x5006      	MOVF        R6, 0, 0
;__Lib_Math.c,796 :: 		
0x01BE	0xB0D8      	BTFSC       STATUS, 0, 0
;__Lib_Math.c,797 :: 		
0x01C0	0x3C06      	INCFSZ      R6, 0, 0
;__Lib_Math.c,798 :: 		
0x01C2	0x260A      	ADDWF       R10, 1, 0
;__Lib_Math.c,799 :: 		
0x01C4	0x5007      	MOVF        R7, 0, 0
;__Lib_Math.c,800 :: 		
0x01C6	0xB0D8      	BTFSC       STATUS, 0, 0
;__Lib_Math.c,801 :: 		
0x01C8	0x3C07      	INCFSZ      R7, 0, 0
;__Lib_Math.c,802 :: 		
0x01CA	0x260B      	ADDWF       R11, 1, 0
;__Lib_Math.c,804 :: 		
SOK22LC:
;__Lib_Math.c,805 :: 		
0x01CC	0x3601      	RLCF        R1, 1, 0
;__Lib_Math.c,807 :: 		
0x01CE	0x2E0C      	DECFSZ      R12, 1, 0
;__Lib_Math.c,808 :: 		
0x01D0	0xD7DA      	BRA         LOOPS3232C
;__Lib_Math.c,810 :: 		
0x01D2	0x3400      	RLCF        R0, 0, 0
;__Lib_Math.c,811 :: 		
0x01D4	0x3608      	RLCF        R8, 1, 0
;__Lib_Math.c,812 :: 		
0x01D6	0x3609      	RLCF        R9, 1, 0
;__Lib_Math.c,813 :: 		
0x01D8	0x360A      	RLCF        R10, 1, 0
;__Lib_Math.c,814 :: 		
0x01DA	0x360B      	RLCF        R11, 1, 0
;__Lib_Math.c,815 :: 		
0x01DC	0x5004      	MOVF        R4, 0, 0
;__Lib_Math.c,816 :: 		
0x01DE	0xA001      	BTFSS       R1, 0, 0
;__Lib_Math.c,817 :: 		
0x01E0	0xD00E      	BRA         SADD22L24
;__Lib_Math.c,819 :: 		
0x01E2	0x5E08      	SUBWF       R8, 1, 0
;__Lib_Math.c,820 :: 		
0x01E4	0x5005      	MOVF        R5, 0, 0
;__Lib_Math.c,821 :: 		
0x01E6	0xA0D8      	BTFSS       STATUS, 0, 0
;__Lib_Math.c,822 :: 		
0x01E8	0x3C05      	INCFSZ      R5, 0, 0
;__Lib_Math.c,823 :: 		
0x01EA	0x5E09      	SUBWF       R9, 1, 0
;__Lib_Math.c,824 :: 		
0x01EC	0x5006      	MOVF        R6, 0, 0
;__Lib_Math.c,825 :: 		
0x01EE	0xA0D8      	BTFSS       STATUS, 0, 0
;__Lib_Math.c,826 :: 		
0x01F0	0x3C06      	INCFSZ      R6, 0, 0
;__Lib_Math.c,827 :: 		
0x01F2	0x5E0A      	SUBWF       R10, 1, 0
;__Lib_Math.c,828 :: 		
0x01F4	0x5007      	MOVF        R7, 0, 0
;__Lib_Math.c,829 :: 		
0x01F6	0xA0D8      	BTFSS       STATUS, 0, 0
;__Lib_Math.c,830 :: 		
0x01F8	0x3C07      	INCFSZ      R7, 0, 0
;__Lib_Math.c,831 :: 		
0x01FA	0x5E0B      	SUBWF       R11, 1, 0
;__Lib_Math.c,832 :: 		
0x01FC	0xD00D      	BRA         SOK22L24
;__Lib_Math.c,834 :: 		
SADD22L24:
;__Lib_Math.c,835 :: 		
0x01FE	0x2608      	ADDWF       R8, 1, 0
;__Lib_Math.c,836 :: 		
0x0200	0x5005      	MOVF        R5, 0, 0
;__Lib_Math.c,837 :: 		
0x0202	0xB0D8      	BTFSC       STATUS, 0, 0
;__Lib_Math.c,838 :: 		
0x0204	0x3C05      	INCFSZ      R5, 0, 0
;__Lib_Math.c,839 :: 		
0x0206	0x2609      	ADDWF       R9, 1, 0
;__Lib_Math.c,840 :: 		
0x0208	0x5006      	MOVF        R6, 0, 0
;__Lib_Math.c,841 :: 		
0x020A	0xB0D8      	BTFSC       STATUS, 0, 0
;__Lib_Math.c,842 :: 		
0x020C	0x3C06      	INCFSZ      R6, 0, 0
;__Lib_Math.c,843 :: 		
0x020E	0x260A      	ADDWF       R10, 1, 0
;__Lib_Math.c,844 :: 		
0x0210	0x5007      	MOVF        R7, 0, 0
;__Lib_Math.c,845 :: 		
0x0212	0xB0D8      	BTFSC       STATUS, 0, 0
;__Lib_Math.c,846 :: 		
0x0214	0x3C07      	INCFSZ      R7, 0, 0
;__Lib_Math.c,847 :: 		
0x0216	0x260B      	ADDWF       R11, 1, 0
;__Lib_Math.c,849 :: 		
SOK22L24:
;__Lib_Math.c,850 :: 		
0x0218	0x3600      	RLCF        R0, 1, 0
;__Lib_Math.c,852 :: 		
0x021A	0x0E07      	MOVLW       7
;__Lib_Math.c,853 :: 		
0x021C	0x6E0C      	MOVWF       R12, 0
;__Lib_Math.c,855 :: 		
LOOPS3232D:
;__Lib_Math.c,856 :: 		
0x021E	0x3400      	RLCF        R0, 0, 0
;__Lib_Math.c,857 :: 		
0x0220	0x3608      	RLCF        R8, 1, 0
;__Lib_Math.c,858 :: 		
0x0222	0x3609      	RLCF        R9, 1, 0
;__Lib_Math.c,859 :: 		
0x0224	0x360A      	RLCF        R10, 1, 0
;__Lib_Math.c,860 :: 		
0x0226	0x360B      	RLCF        R11, 1, 0
;__Lib_Math.c,861 :: 		
0x0228	0x5004      	MOVF        R4, 0, 0
;__Lib_Math.c,862 :: 		
0x022A	0xA000      	BTFSS       R0, 0, 0
;__Lib_Math.c,863 :: 		
0x022C	0xD00E      	BRA         SADD22LD
;__Lib_Math.c,865 :: 		
0x022E	0x5E08      	SUBWF       R8, 1, 0
;__Lib_Math.c,866 :: 		
0x0230	0x5005      	MOVF        R5, 0, 0
;__Lib_Math.c,867 :: 		
0x0232	0xA0D8      	BTFSS       STATUS, 0, 0
;__Lib_Math.c,868 :: 		
0x0234	0x3C05      	INCFSZ      R5, 0, 0
;__Lib_Math.c,869 :: 		
0x0236	0x5E09      	SUBWF       R9, 1, 0
;__Lib_Math.c,870 :: 		
0x0238	0x5006      	MOVF        R6, 0, 0
;__Lib_Math.c,871 :: 		
0x023A	0xA0D8      	BTFSS       STATUS, 0, 0
;__Lib_Math.c,872 :: 		
0x023C	0x3C06      	INCFSZ      R6, 0, 0
;__Lib_Math.c,873 :: 		
0x023E	0x5E0A      	SUBWF       R10, 1, 0
;__Lib_Math.c,874 :: 		
0x0240	0x5007      	MOVF        R7, 0, 0
;__Lib_Math.c,875 :: 		
0x0242	0xA0D8      	BTFSS       STATUS, 0, 0
;__Lib_Math.c,876 :: 		
0x0244	0x3C07      	INCFSZ      R7, 0, 0
;__Lib_Math.c,877 :: 		
0x0246	0x5E0B      	SUBWF       R11, 1, 0
;__Lib_Math.c,878 :: 		
0x0248	0xD00D      	BRA         SOK22LD
;__Lib_Math.c,880 :: 		
SADD22LD:
;__Lib_Math.c,881 :: 		
0x024A	0x2608      	ADDWF       R8, 1, 0
;__Lib_Math.c,882 :: 		
0x024C	0x5005      	MOVF        R5, 0, 0
;__Lib_Math.c,883 :: 		
0x024E	0xB0D8      	BTFSC       STATUS, 0, 0
;__Lib_Math.c,884 :: 		
0x0250	0x3C05      	INCFSZ      R5, 0, 0
;__Lib_Math.c,885 :: 		
0x0252	0x2609      	ADDWF       R9, 1, 0
;__Lib_Math.c,886 :: 		
0x0254	0x5006      	MOVF        R6, 0, 0
;__Lib_Math.c,887 :: 		
0x0256	0xB0D8      	BTFSC       STATUS, 0, 0
;__Lib_Math.c,888 :: 		
0x0258	0x3C06      	INCFSZ      R6, 0, 0
;__Lib_Math.c,889 :: 		
0x025A	0x260A      	ADDWF       R10, 1, 0
;__Lib_Math.c,890 :: 		
0x025C	0x5007      	MOVF        R7, 0, 0
;__Lib_Math.c,891 :: 		
0x025E	0xB0D8      	BTFSC       STATUS, 0, 0
;__Lib_Math.c,893 :: 		
0x0260	0x3C07      	INCFSZ      R7, 0, 0
;__Lib_Math.c,894 :: 		
0x0262	0x260B      	ADDWF       R11, 1, 0
;__Lib_Math.c,896 :: 		
SOK22LD:
;__Lib_Math.c,897 :: 		
0x0264	0x3600      	RLCF        R0, 1, 0
;__Lib_Math.c,899 :: 		
0x0266	0x2E0C      	DECFSZ      R12, 1, 0
;__Lib_Math.c,900 :: 		
0x0268	0xD7DA      	BRA         LOOPS3232D
;__Lib_Math.c,902 :: 		
0x026A	0xB000      	BTFSC       R0, 0, 0
;__Lib_Math.c,903 :: 		
0x026C	0xD00E      	BRA         SOK22L
;__Lib_Math.c,904 :: 		
0x026E	0x5004      	MOVF        R4, 0, 0
;__Lib_Math.c,905 :: 		
0x0270	0x2608      	ADDWF       R8, 1, 0
;__Lib_Math.c,906 :: 		
0x0272	0x5005      	MOVF        R5, 0, 0
;__Lib_Math.c,907 :: 		
0x0274	0xB0D8      	BTFSC       STATUS, 0, 0
;__Lib_Math.c,908 :: 		
0x0276	0x3C05      	INCFSZ      R5, 0, 0
;__Lib_Math.c,909 :: 		
0x0278	0x2609      	ADDWF       R9, 1, 0
;__Lib_Math.c,910 :: 		
0x027A	0x5006      	MOVF        R6, 0, 0
;__Lib_Math.c,911 :: 		
0x027C	0xB0D8      	BTFSC       STATUS, 0, 0
;__Lib_Math.c,912 :: 		
0x027E	0x3C06      	INCFSZ      R6, 0, 0
;__Lib_Math.c,913 :: 		
0x0280	0x260A      	ADDWF       R10, 1, 0
;__Lib_Math.c,914 :: 		
0x0282	0x5007      	MOVF        R7, 0, 0
;__Lib_Math.c,915 :: 		
0x0284	0xB0D8      	BTFSC       STATUS, 0, 0
;__Lib_Math.c,916 :: 		
0x0286	0x3C07      	INCFSZ      R7, 0, 0
;__Lib_Math.c,917 :: 		
0x0288	0x260B      	ADDWF       R11, 1, 0
;__Lib_Math.c,918 :: 		
SOK22L:
;__Lib_Math.c,920 :: 		
L_end_SDIV3232L:
0x028A	0x0012      	RETURN      0
; end of _SDIV3232L
_UART1_Read:
;__Lib_UART_c67.c,39 :: 		
;__Lib_UART_c67.c,42 :: 		
0x028C	0xF001CFAE  	MOVFF       RCREG, R1
;__Lib_UART_c67.c,43 :: 		
0x0290	0xA2AB      	BTFSS       RCSTA, 1 
0x0292	0xD002      	BRA         L_UART1_Read2
;__Lib_UART_c67.c,44 :: 		
0x0294	0x98AB      	BCF         RCSTA, 4 
;__Lib_UART_c67.c,45 :: 		
0x0296	0x88AB      	BSF         RCSTA, 4 
;__Lib_UART_c67.c,46 :: 		
L_UART1_Read2:
;__Lib_UART_c67.c,47 :: 		
0x0298	0xF000C001  	MOVFF       R1, R0
;__Lib_UART_c67.c,48 :: 		
L_end_UART1_Read:
0x029C	0x0012      	RETURN      0
; end of _UART1_Read
_UART1_Data_Ready:
;__Lib_UART_c67.c,34 :: 		
;__Lib_UART_c67.c,35 :: 		
0x029E	0x0E00      	MOVLW       0
0x02A0	0xBA9E      	BTFSC       PIR1, 5 
0x02A2	0x0E01      	MOVLW       1
0x02A4	0x6E00      	MOVWF       R0 
;__Lib_UART_c67.c,36 :: 		
L_end_UART1_Data_Ready:
0x02A6	0x0012      	RETURN      0
; end of _UART1_Data_Ready
_UART1_Write:
;__Lib_UART_c67.c,58 :: 		
;__Lib_UART_c67.c,59 :: 		
L_UART1_Write3:
0x02A8	0xB2AC      	BTFSC       TXSTA, 1 
0x02AA	0xD002      	BRA         L_UART1_Write4
;__Lib_UART_c67.c,60 :: 		
0x02AC	0x0000      	NOP
0x02AE	0xD7FC      	BRA         L_UART1_Write3
L_UART1_Write4:
;__Lib_UART_c67.c,61 :: 		
0x02B0	0xFFADC047  	MOVFF       FARG_UART1_Write_data_, TXREG
;__Lib_UART_c67.c,62 :: 		
L_end_UART1_Write:
0x02B4	0x0012      	RETURN      0
; end of _UART1_Write
_Mul_32x32_U:
;__Lib_Math.c,1616 :: 		
;__Lib_Math.c,1631 :: 		
0x02B6	0x0E22      	MOVLW       34
;__Lib_Math.c,1632 :: 		
0x02B8	0x6E0C      	MOVWF       R12, 0
;__Lib_Math.c,1633 :: 		
0x02BA	0x6A08      	CLRF        R8, 0
;__Lib_Math.c,1634 :: 		
0x02BC	0x6A09      	CLRF        R9, 0
;__Lib_Math.c,1635 :: 		
0x02BE	0x6A0A      	CLRF        R10, 0
;__Lib_Math.c,1636 :: 		
0x02C0	0x6A0B      	CLRF        R11, 0
;__Lib_Math.c,1638 :: 		
_NEXT:
;__Lib_Math.c,1642 :: 		
0x02C2	0x060C      	DECF        R12, 1, 0
;__Lib_Math.c,1643 :: 		
0x02C4	0xB4D8      	BTFSC       STATUS, 2, 0
;__Lib_Math.c,1644 :: 		
0x02C6	0xD01F      	BRA         _EXIT2
;__Lib_Math.c,1645 :: 		
0x02C8	0x90D8      	BCF         STATUS, 0, 0
;__Lib_Math.c,1647 :: 		
_LOOP:
;__Lib_Math.c,1656 :: 		
0x02CA	0x320B      	RRCF        R11, 1, 0
;__Lib_Math.c,1657 :: 		
0x02CC	0x320A      	RRCF        R10, 1, 0
;__Lib_Math.c,1658 :: 		
0x02CE	0x3209      	RRCF        R9, 1, 0
;__Lib_Math.c,1659 :: 		
0x02D0	0x3208      	RRCF        R8, 1, 0
;__Lib_Math.c,1660 :: 		
0x02D2	0x3203      	RRCF        R3, 1, 0
;__Lib_Math.c,1661 :: 		
0x02D4	0x3202      	RRCF        R2, 1, 0
;__Lib_Math.c,1662 :: 		
0x02D6	0x3201      	RRCF        R1, 1, 0
;__Lib_Math.c,1663 :: 		
0x02D8	0x3200      	RRCF        R0, 1, 0
;__Lib_Math.c,1668 :: 		
0x02DA	0xA0D8      	BTFSS       STATUS, 0, 0
;__Lib_Math.c,1669 :: 		
0x02DC	0xD7F2      	BRA         _NEXT
;__Lib_Math.c,1670 :: 		
0x02DE	0x060C      	DECF        R12, 1, 0
;__Lib_Math.c,1671 :: 		
0x02E0	0xB4D8      	BTFSC       STATUS, 2, 0
;__Lib_Math.c,1672 :: 		
0x02E2	0xD009      	BRA         _EXIT1
;__Lib_Math.c,1679 :: 		
0x02E4	0x5004      	MOVF        R4, 0, 0
;__Lib_Math.c,1680 :: 		
0x02E6	0x2608      	ADDWF       R8, 1, 0
;__Lib_Math.c,1681 :: 		
0x02E8	0x5005      	MOVF        R5, 0, 0
;__Lib_Math.c,1684 :: 		
0x02EA	0x2209      	ADDWFC      R9, 1, 0
;__Lib_Math.c,1685 :: 		
0x02EC	0x5006      	MOVF        R6, 0, 0
;__Lib_Math.c,1688 :: 		
0x02EE	0x220A      	ADDWFC      R10, 1, 0
;__Lib_Math.c,1689 :: 		
0x02F0	0x5007      	MOVF        R7, 0, 0
;__Lib_Math.c,1692 :: 		
0x02F2	0x220B      	ADDWFC      R11, 1, 0
;__Lib_Math.c,1694 :: 		
0x02F4	0xD7EA      	BRA         _LOOP
;__Lib_Math.c,1696 :: 		
_EXIT1:
;__Lib_Math.c,1701 :: 		
0x02F6	0x5004      	MOVF        R4, 0, 0
;__Lib_Math.c,1702 :: 		
0x02F8	0x2608      	ADDWF       R8, 1, 0
;__Lib_Math.c,1703 :: 		
0x02FA	0x5005      	MOVF        R5, 0, 0
;__Lib_Math.c,1706 :: 		
0x02FC	0x2209      	ADDWFC      R9, 1, 0
;__Lib_Math.c,1707 :: 		
0x02FE	0x5006      	MOVF        R6, 0, 0
;__Lib_Math.c,1710 :: 		
0x0300	0x220A      	ADDWFC      R10, 1, 0
;__Lib_Math.c,1711 :: 		
0x0302	0x5007      	MOVF        R7, 0, 0
;__Lib_Math.c,1714 :: 		
0x0304	0x220B      	ADDWFC      R11, 1, 0
;__Lib_Math.c,1717 :: 		
_EXIT2:
;__Lib_Math.c,1719 :: 		
L_end_Mul_32x32_U:
0x0306	0x0012      	RETURN      0
; end of _Mul_32x32_U
_error:
;System Core.c,160 :: 		int error()
;System Core.c,163 :: 		}
L_end_error:
0x0308	0x0012      	RETURN      0
; end of _error
_blinkD0:
;System Core.c,98 :: 		void blinkD0(int a)
;System Core.c,100 :: 		int i = 0;
0x030A	0x6A49      	CLRF        blinkD0_i_L0 
0x030C	0x6A4A      	CLRF        blinkD0_i_L0+1 
;System Core.c,101 :: 		for (i; i < a; i++ )
L_blinkD05:
0x030E	0x0E80      	MOVLW       128
0x0310	0x184A      	XORWF       blinkD0_i_L0+1, 0 
0x0312	0x6E00      	MOVWF       R0 
0x0314	0x0E80      	MOVLW       128
0x0316	0x1848      	XORWF       FARG_blinkD0_a+1, 0 
0x0318	0x5C00      	SUBWF       R0, 0 
0x031A	0xE102      	BNZ         L__blinkD052
0x031C	0x5047      	MOVF        FARG_blinkD0_a, 0 
0x031E	0x5C49      	SUBWF       blinkD0_i_L0, 0 
L__blinkD052:
0x0320	0xE218      	BC          L_blinkD06
;System Core.c,103 :: 		LATD0_bit = 1;
0x0322	0x808C      	BSF         LATD0_bit, BitPos(LATD0_bit+0) 
;System Core.c,104 :: 		Delay_ms(50);
0x0324	0x0E41      	MOVLW       65
0x0326	0x6E0C      	MOVWF       R12, 0
0x0328	0x0EEE      	MOVLW       238
0x032A	0x6E0D      	MOVWF       R13, 0
L_blinkD08:
0x032C	0x2E0D      	DECFSZ      R13, 1, 0
0x032E	0xD7FE      	BRA         L_blinkD08
0x0330	0x2E0C      	DECFSZ      R12, 1, 0
0x0332	0xD7FC      	BRA         L_blinkD08
0x0334	0x0000      	NOP
;System Core.c,105 :: 		LATD0_bit = 0;
0x0336	0x908C      	BCF         LATD0_bit, BitPos(LATD0_bit+0) 
;System Core.c,106 :: 		Delay_ms(100);
0x0338	0x0E82      	MOVLW       130
0x033A	0x6E0C      	MOVWF       R12, 0
0x033C	0x0EDD      	MOVLW       221
0x033E	0x6E0D      	MOVWF       R13, 0
L_blinkD09:
0x0340	0x2E0D      	DECFSZ      R13, 1, 0
0x0342	0xD7FE      	BRA         L_blinkD09
0x0344	0x2E0C      	DECFSZ      R12, 1, 0
0x0346	0xD7FC      	BRA         L_blinkD09
0x0348	0x0000      	NOP
0x034A	0x0000      	NOP
;System Core.c,101 :: 		for (i; i < a; i++ )
0x034C	0x4A49      	INFSNZ      blinkD0_i_L0, 1 
0x034E	0x2A4A      	INCF        blinkD0_i_L0+1, 1 
;System Core.c,107 :: 		}
0x0350	0xD7DE      	BRA         L_blinkD05
L_blinkD06:
;System Core.c,108 :: 		}
L_end_blinkD0:
0x0352	0x0012      	RETURN      0
; end of _blinkD0
_Get_Fosc_kHz:
;__Lib_Delays.c,1 :: 		unsigned long Get_Fosc_kHz(){
;__Lib_Delays.c,3 :: 		return Clock_kHz();
0x0354	0x0EA0      	MOVLW       160
0x0356	0x6E00      	MOVWF       R0 
0x0358	0x0E0F      	MOVLW       15
0x035A	0x6E01      	MOVWF       R1 
0x035C	0x0E00      	MOVLW       0
0x035E	0x6E02      	MOVWF       R2 
0x0360	0x6E03      	MOVWF       R3 
;__Lib_Delays.c,5 :: 		}
L_end_Get_Fosc_kHz:
0x0362	0x0012      	RETURN      0
; end of _Get_Fosc_kHz
_Div_32x32_S:
;__Lib_Math.c,942 :: 		
;__Lib_Math.c,955 :: 		
0x0364	0x5004      	MOVF        R4, 0 
0x0366	0x0A00      	XORLW       0
0x0368	0xE112      	BNZ         L_Div_32x32_S6
;__Lib_Math.c,956 :: 		
0x036A	0x5005      	MOVF        R5, 0 
0x036C	0x0A00      	XORLW       0
0x036E	0xE10F      	BNZ         L_Div_32x32_S7
;__Lib_Math.c,957 :: 		
0x0370	0x5006      	MOVF        R6, 0 
0x0372	0x0A00      	XORLW       0
0x0374	0xE10C      	BNZ         L_Div_32x32_S8
;__Lib_Math.c,958 :: 		
0x0376	0x5007      	MOVF        R7, 0 
0x0378	0x0A00      	XORLW       0
0x037A	0xE109      	BNZ         L_Div_32x32_S9
;__Lib_Math.c,959 :: 		
0x037C	0x0EFF      	MOVLW       255
0x037E	0x6E00      	MOVWF       R0 
;__Lib_Math.c,960 :: 		
0x0380	0x0EFF      	MOVLW       255
0x0382	0x6E01      	MOVWF       R1 
;__Lib_Math.c,961 :: 		
0x0384	0x0EFF      	MOVLW       255
0x0386	0x6E02      	MOVWF       R2 
;__Lib_Math.c,962 :: 		
0x0388	0x0E7F      	MOVLW       127
0x038A	0x6E03      	MOVWF       R3 
;__Lib_Math.c,963 :: 		
0x038C	0xD097      	BRA         L_end_Div_32x32_S
;__Lib_Math.c,964 :: 		
L_Div_32x32_S9:
L_Div_32x32_S8:
L_Div_32x32_S7:
L_Div_32x32_S6:
;__Lib_Math.c,968 :: 		
0x038E	0x6A0C      	CLRF        R12, 0
;__Lib_Math.c,969 :: 		
0x0390	0xBE07      	BTFSC       R7, 7, 0
;__Lib_Math.c,970 :: 		
0x0392	0x2A0C      	INCF        R12, 1, 0
;__Lib_Math.c,972 :: 		
0x0394	0x6A0D      	CLRF        R13, 0
;__Lib_Math.c,973 :: 		
0x0396	0x6A0B      	CLRF        R11, 0
;__Lib_Math.c,974 :: 		
0x0398	0x6A0A      	CLRF        R10, 0
;__Lib_Math.c,975 :: 		
0x039A	0x6A09      	CLRF        R9, 0
;__Lib_Math.c,976 :: 		
0x039C	0x6A08      	CLRF        R8, 0
;__Lib_Math.c,977 :: 		
0x039E	0x5003      	MOVF        R3, 0, 0
;__Lib_Math.c,978 :: 		
0x03A0	0x1002      	IORWF       R2, 0, 0
;__Lib_Math.c,979 :: 		
0x03A2	0x1001      	IORWF       R1, 0, 0
;__Lib_Math.c,980 :: 		
0x03A4	0x1000      	IORWF       R0, 0, 0
;__Lib_Math.c,981 :: 		
0x03A6	0xB4D8      	BTFSC       STATUS, 2, 0
;__Lib_Math.c,982 :: 		
0x03A8	0xD084      	BRA         END_ALL
;__Lib_Math.c,986 :: 		
0x03AA	0x5003      	MOVF        R3, 0, 0
;__Lib_Math.c,987 :: 		
0x03AC	0x1807      	XORWF       R7, 0, 0
;__Lib_Math.c,988 :: 		
0x03AE	0x6E0E      	MOVWF       R14, 0
;__Lib_Math.c,989 :: 		
0x03B0	0xBE0E      	BTFSC       R14, 7, 0
;__Lib_Math.c,990 :: 		
0x03B2	0x1E0D      	COMF        R13, 1, 0
;__Lib_Math.c,993 :: 		
0x03B4	0xAE07      	BTFSS       R7, 7, 0
;__Lib_Math.c,994 :: 		
0x03B6	0xD00B      	BRA         CA3232S
;__Lib_Math.c,996 :: 		
0x03B8	0x1E04      	COMF        R4, 1, 0
;__Lib_Math.c,997 :: 		
0x03BA	0x1E05      	COMF        R5, 1, 0
;__Lib_Math.c,998 :: 		
0x03BC	0x1E06      	COMF        R6, 1, 0
;__Lib_Math.c,999 :: 		
0x03BE	0x1E07      	COMF        R7, 1, 0
;__Lib_Math.c,1000 :: 		
0x03C0	0x2A04      	INCF        R4, 1, 0
;__Lib_Math.c,1001 :: 		
0x03C2	0xB4D8      	BTFSC       STATUS, 2, 0
;__Lib_Math.c,1002 :: 		
0x03C4	0x2A05      	INCF        R5, 1, 0
;__Lib_Math.c,1003 :: 		
0x03C6	0xB4D8      	BTFSC       STATUS, 2, 0
;__Lib_Math.c,1004 :: 		
0x03C8	0x2A06      	INCF        R6, 1, 0
;__Lib_Math.c,1005 :: 		
0x03CA	0xB4D8      	BTFSC       STATUS, 2, 0
;__Lib_Math.c,1006 :: 		
0x03CC	0x2A07      	INCF        R7, 1, 0
;__Lib_Math.c,1008 :: 		
CA3232S:
;__Lib_Math.c,1009 :: 		
0x03CE	0xAE03      	BTFSS       R3, 7, 0
;__Lib_Math.c,1010 :: 		
0x03D0	0xD00B      	BRA         C3232SX
;__Lib_Math.c,1012 :: 		
0x03D2	0x1E00      	COMF        R0, 1, 0
;__Lib_Math.c,1013 :: 		
0x03D4	0x1E01      	COMF        R1, 1, 0
;__Lib_Math.c,1014 :: 		
0x03D6	0x1E02      	COMF        R2, 1, 0
;__Lib_Math.c,1015 :: 		
0x03D8	0x1E03      	COMF        R3, 1, 0
;__Lib_Math.c,1016 :: 		
0x03DA	0x2A00      	INCF        R0, 1, 0
;__Lib_Math.c,1017 :: 		
0x03DC	0xB4D8      	BTFSC       STATUS, 2, 0
;__Lib_Math.c,1018 :: 		
0x03DE	0x2A01      	INCF        R1, 1, 0
;__Lib_Math.c,1019 :: 		
0x03E0	0xB4D8      	BTFSC       STATUS, 2, 0
;__Lib_Math.c,1020 :: 		
0x03E2	0x2A02      	INCF        R2, 1, 0
;__Lib_Math.c,1021 :: 		
0x03E4	0xB4D8      	BTFSC       STATUS, 2, 0
;__Lib_Math.c,1022 :: 		
0x03E6	0x2A03      	INCF        R3, 1, 0
;__Lib_Math.c,1024 :: 		
C3232SX:
;__Lib_Math.c,1025 :: 		
0x03E8	0x5003      	MOVF        R3, 0, 0
;__Lib_Math.c,1026 :: 		
0x03EA	0x1007      	IORWF       R7, 0, 0
;__Lib_Math.c,1027 :: 		
0x03EC	0x6E0E      	MOVWF       R14, 0
;__Lib_Math.c,1028 :: 		
0x03EE	0xBE0E      	BTFSC       R14, 7, 0
;__Lib_Math.c,1029 :: 		
0x03F0	0xD01C      	BRA         C3232SX1
;__Lib_Math.c,1030 :: 		
C3232S:
;__Lib_Math.c,1034 :: 		
0x03F2	0xDE20      	RCALL       _SDIV3232L
;__Lib_Math.c,1038 :: 		
0x03F4	0xBE0C      	BTFSC       R12, 7, 0
;__Lib_Math.c,1039 :: 		
0x03F6	0xD036      	BRA         C3232SX4
;__Lib_Math.c,1041 :: 		
C3232SOK:
;__Lib_Math.c,1042 :: 		
0x03F8	0xAE0D      	BTFSS       R13, 7, 0
;__Lib_Math.c,1043 :: 		
0x03FA	0xD05B      	BRA         END_ALL
;__Lib_Math.c,1045 :: 		
0x03FC	0x1E00      	COMF        R0, 1, 0
;__Lib_Math.c,1046 :: 		
0x03FE	0x1E01      	COMF        R1, 1, 0
;__Lib_Math.c,1047 :: 		
0x0400	0x1E02      	COMF        R2, 1, 0
;__Lib_Math.c,1048 :: 		
0x0402	0x1E03      	COMF        R3, 1, 0
;__Lib_Math.c,1049 :: 		
0x0404	0x2A00      	INCF        R0, 1, 0
;__Lib_Math.c,1050 :: 		
0x0406	0xB4D8      	BTFSC       STATUS, 2, 0
;__Lib_Math.c,1051 :: 		
0x0408	0x2A01      	INCF        R1, 1, 0
;__Lib_Math.c,1052 :: 		
0x040A	0xB4D8      	BTFSC       STATUS, 2, 0
;__Lib_Math.c,1053 :: 		
0x040C	0x2A02      	INCF        R2, 1, 0
;__Lib_Math.c,1054 :: 		
0x040E	0xB4D8      	BTFSC       STATUS, 2, 0
;__Lib_Math.c,1055 :: 		
0x0410	0x2A03      	INCF        R3, 1, 0
;__Lib_Math.c,1057 :: 		
0x0412	0x1E08      	COMF        R8, 1, 0
;__Lib_Math.c,1058 :: 		
0x0414	0x1E09      	COMF        R9, 1, 0
;__Lib_Math.c,1059 :: 		
0x0416	0x1E0A      	COMF        R10, 1, 0
;__Lib_Math.c,1060 :: 		
0x0418	0x1E0B      	COMF        R11, 1, 0
;__Lib_Math.c,1061 :: 		
0x041A	0x2A08      	INCF        R8, 1, 0
;__Lib_Math.c,1062 :: 		
0x041C	0xB4D8      	BTFSC       STATUS, 2, 0
;__Lib_Math.c,1063 :: 		
0x041E	0x2A09      	INCF        R9, 1, 0
;__Lib_Math.c,1064 :: 		
0x0420	0xB4D8      	BTFSC       STATUS, 2, 0
;__Lib_Math.c,1065 :: 		
0x0422	0x2A0A      	INCF        R10, 1, 0
;__Lib_Math.c,1066 :: 		
0x0424	0xB4D8      	BTFSC       STATUS, 2, 0
;__Lib_Math.c,1067 :: 		
0x0426	0x2A0B      	INCF        R11, 1, 0
;__Lib_Math.c,1068 :: 		
0x0428	0xD044      	BRA         END_ALL
;__Lib_Math.c,1069 :: 		
C3232SX1:
;__Lib_Math.c,1072 :: 		
0x042A	0xAE07      	BTFSS       R7, 7, 0
;__Lib_Math.c,1073 :: 		
0x042C	0xD015      	BRA         C3232SX3
;__Lib_Math.c,1074 :: 		
0x042E	0xBE03      	BTFSC       R3, 7, 0
;__Lib_Math.c,1075 :: 		
0x0430	0xD00D      	BRA         C3232SX2
;__Lib_Math.c,1076 :: 		
0x0432	0x5003      	MOVF        R3, 0, 0
;__Lib_Math.c,1077 :: 		
0x0434	0x6E0B      	MOVWF       R11, 0
;__Lib_Math.c,1078 :: 		
0x0436	0x5002      	MOVF        R2, 0, 0
;__Lib_Math.c,1079 :: 		
0x0438	0x6E0A      	MOVWF       R10, 0
;__Lib_Math.c,1080 :: 		
0x043A	0x5001      	MOVF        R1, 0, 0
;__Lib_Math.c,1081 :: 		
0x043C	0x6E09      	MOVWF       R9, 0
;__Lib_Math.c,1082 :: 		
0x043E	0x5000      	MOVF        R0, 0, 0
;__Lib_Math.c,1083 :: 		
0x0440	0x6E08      	MOVWF       R8, 0
;__Lib_Math.c,1084 :: 		
0x0442	0x6A03      	CLRF        R3, 0
;__Lib_Math.c,1085 :: 		
0x0444	0x6A02      	CLRF        R2, 0
;__Lib_Math.c,1086 :: 		
0x0446	0x6A01      	CLRF        R1, 0
;__Lib_Math.c,1087 :: 		
0x0448	0x6A00      	CLRF        R0, 0
;__Lib_Math.c,1088 :: 		
0x044A	0xD7D6      	BRA         C3232SOK
;__Lib_Math.c,1089 :: 		
C3232SX2:
;__Lib_Math.c,1090 :: 		
0x044C	0x6A03      	CLRF        R3, 0
;__Lib_Math.c,1091 :: 		
0x044E	0x6A02      	CLRF        R2, 0
;__Lib_Math.c,1092 :: 		
0x0450	0x6A01      	CLRF        R1, 0
;__Lib_Math.c,1093 :: 		
0x0452	0x6A00      	CLRF        R0, 0
;__Lib_Math.c,1094 :: 		
0x0454	0x2A00      	INCF        R0, 1, 0
;__Lib_Math.c,1095 :: 		
0x0456	0x0C00      	RETLW       0
;__Lib_Math.c,1097 :: 		
C3232SX3:
;__Lib_Math.c,1098 :: 		
0x0458	0x1E03      	COMF        R3, 1, 0
;__Lib_Math.c,1099 :: 		
0x045A	0x1E02      	COMF        R2, 1, 0
;__Lib_Math.c,1100 :: 		
0x045C	0x1E01      	COMF        R1, 1, 0
;__Lib_Math.c,1101 :: 		
0x045E	0x1E00      	COMF        R0, 1, 0
;__Lib_Math.c,1103 :: 		
0x0460	0x8E0C      	BSF         R12, 7, 0
;__Lib_Math.c,1104 :: 		
0x0462	0xD7C7      	BRA         C3232S
;__Lib_Math.c,1105 :: 		
C3232SX4:
;__Lib_Math.c,1108 :: 		
0x0464	0x2A08      	INCF        R8, 1, 0
;__Lib_Math.c,1109 :: 		
0x0466	0xB4D8      	BTFSC       STATUS, 2, 0
;__Lib_Math.c,1110 :: 		
0x0468	0x2A09      	INCF        R9, 1, 0
;__Lib_Math.c,1111 :: 		
0x046A	0xB4D8      	BTFSC       STATUS, 2, 0
;__Lib_Math.c,1112 :: 		
0x046C	0x2A0A      	INCF        R10, 1, 0
;__Lib_Math.c,1113 :: 		
0x046E	0xB4D8      	BTFSC       STATUS, 2, 0
;__Lib_Math.c,1114 :: 		
0x0470	0x2A0B      	INCF        R11, 1, 0
;__Lib_Math.c,1115 :: 		
0x0472	0x5004      	MOVF        R4, 0, 0
;__Lib_Math.c,1116 :: 		
0x0474	0x5C08      	SUBWF       R8, 0, 0
;__Lib_Math.c,1117 :: 		
0x0476	0xA4D8      	BTFSS       STATUS, 2, 0
;__Lib_Math.c,1118 :: 		
0x0478	0xD7BF      	BRA         C3232SOK
;__Lib_Math.c,1119 :: 		
0x047A	0x5005      	MOVF        R5, 0, 0
;__Lib_Math.c,1120 :: 		
0x047C	0x5C09      	SUBWF       R9, 0, 0
;__Lib_Math.c,1121 :: 		
0x047E	0xA4D8      	BTFSS       STATUS, 2, 0
;__Lib_Math.c,1122 :: 		
0x0480	0xD7BB      	BRA         C3232SOK
;__Lib_Math.c,1123 :: 		
0x0482	0x5006      	MOVF        R6, 0, 0
;__Lib_Math.c,1124 :: 		
0x0484	0x5C0A      	SUBWF       R10, 0, 0
;__Lib_Math.c,1125 :: 		
0x0486	0xA4D8      	BTFSS       STATUS, 2, 0
;__Lib_Math.c,1126 :: 		
0x0488	0xD7B7      	BRA         C3232SOK
;__Lib_Math.c,1127 :: 		
0x048A	0x5007      	MOVF        R7, 0, 0
;__Lib_Math.c,1128 :: 		
0x048C	0x5C0B      	SUBWF       R11, 0, 0
;__Lib_Math.c,1129 :: 		
0x048E	0xA4D8      	BTFSS       STATUS, 2, 0
;__Lib_Math.c,1130 :: 		
0x0490	0xD7B3      	BRA         C3232SOK
;__Lib_Math.c,1131 :: 		
0x0492	0x6A0B      	CLRF        R11, 0
;__Lib_Math.c,1132 :: 		
0x0494	0x6A0A      	CLRF        R10, 0
;__Lib_Math.c,1133 :: 		
0x0496	0x6A09      	CLRF        R9, 0
;__Lib_Math.c,1134 :: 		
0x0498	0x6A08      	CLRF        R8, 0
;__Lib_Math.c,1135 :: 		
0x049A	0x2A00      	INCF        R0, 1, 0
;__Lib_Math.c,1136 :: 		
0x049C	0xB4D8      	BTFSC       STATUS, 2, 0
;__Lib_Math.c,1137 :: 		
0x049E	0x2A01      	INCF        R1, 1, 0
;__Lib_Math.c,1138 :: 		
0x04A0	0xB4D8      	BTFSC       STATUS, 2, 0
;__Lib_Math.c,1139 :: 		
0x04A2	0x2A02      	INCF        R2, 1, 0
;__Lib_Math.c,1140 :: 		
0x04A4	0xB4D8      	BTFSC       STATUS, 2, 0
;__Lib_Math.c,1141 :: 		
0x04A6	0x2A03      	INCF        R3, 1, 0
;__Lib_Math.c,1142 :: 		
0x04A8	0xAE03      	BTFSS       R3, 7, 0
;__Lib_Math.c,1143 :: 		
0x04AA	0xD7A6      	BRA         C3232SOK
;__Lib_Math.c,1144 :: 		
0x04AC	0x6A0E      	CLRF        R14, 0
;__Lib_Math.c,1145 :: 		
0x04AE	0x880E      	BSF         R14, 4, 0
;__Lib_Math.c,1146 :: 		
0x04B0	0x0CFF      	RETLW       255
;__Lib_Math.c,1147 :: 		
END_ALL:
;__Lib_Math.c,1148 :: 		
0x04B2	0x6A0E      	CLRF        R14, 0
;__Lib_Math.c,1149 :: 		
0x04B4	0xA00C      	BTFSS       R12, 0, 0
;__Lib_Math.c,1150 :: 		
0x04B6	0xD001      	BRA         avoid_comfrem
;__Lib_Math.c,1153 :: 		
0x04B8	0xDDB1      	RCALL       _COMFREM
;__Lib_Math.c,1155 :: 		
avoid_comfrem:
;__Lib_Math.c,1156 :: 		
0x04BA	0x0F00      	ADDLW       0
;__Lib_Math.c,1158 :: 		
L_end_Div_32x32_S:
0x04BC	0x0012      	RETURN      0
; end of _Div_32x32_S
_UART1_Init:
;__Lib_UART_c67.c,15 :: 		
;__Lib_UART_c67.c,18 :: 		
0x04BE	0x0EA8      	MOVLW       _UART1_Write
0x04C0	0x6E17      	MOVWF       _UART_Wr_Ptr 
0x04C2	0x0E02      	MOVLW       hi_addr(_UART1_Write)
0x04C4	0x6E18      	MOVWF       _UART_Wr_Ptr+1 
0x04C6	0x0E47      	MOVLW       FARG_UART1_Write_data_
0x04C8	0x6E19      	MOVWF       _UART_Wr_Ptr+2 
0x04CA	0x0E00      	MOVLW       hi_addr(FARG_UART1_Write_data_)
0x04CC	0x6E1A      	MOVWF       _UART_Wr_Ptr+3 
;__Lib_UART_c67.c,19 :: 		
0x04CE	0x0E8C      	MOVLW       _UART1_Read
0x04D0	0x6E2A      	MOVWF       _UART_Rd_Ptr 
0x04D2	0x0E02      	MOVLW       hi_addr(_UART1_Read)
0x04D4	0x6E2B      	MOVWF       _UART_Rd_Ptr+1 
0x04D6	0x0E00      	MOVLW       0
0x04D8	0x6E2C      	MOVWF       _UART_Rd_Ptr+2 
0x04DA	0x0E00      	MOVLW       0
0x04DC	0x6E2D      	MOVWF       _UART_Rd_Ptr+3 
;__Lib_UART_c67.c,20 :: 		
0x04DE	0x0E9E      	MOVLW       _UART1_Data_Ready
0x04E0	0x6E22      	MOVWF       _UART_Rdy_Ptr 
0x04E2	0x0E02      	MOVLW       hi_addr(_UART1_Data_Ready)
0x04E4	0x6E23      	MOVWF       _UART_Rdy_Ptr+1 
0x04E6	0x0E00      	MOVLW       0
0x04E8	0x6E24      	MOVWF       _UART_Rdy_Ptr+2 
0x04EA	0x0E00      	MOVLW       0
0x04EC	0x6E25      	MOVWF       _UART_Rdy_Ptr+3 
;__Lib_UART_c67.c,21 :: 		
0x04EE	0x0EFF      	MOVLW       _UART1_Tx_Idle
0x04F0	0x6E26      	MOVWF       _UART_Tx_Idle_Ptr 
0x04F2	0x0EFF      	MOVLW       hi_addr(_UART1_Tx_Idle)
0x04F4	0x6E27      	MOVWF       _UART_Tx_Idle_Ptr+1 
0x04F6	0x0E00      	MOVLW       0
0x04F8	0x6E28      	MOVWF       _UART_Tx_Idle_Ptr+2 
0x04FA	0x0E00      	MOVLW       0
0x04FC	0x6E29      	MOVWF       _UART_Tx_Idle_Ptr+3 
;__Lib_UART_c67.c,23 :: 		
0x04FE	0x8AAC      	BSF         TXSTA, 5 
;__Lib_UART_c67.c,24 :: 		
0x0500	0x0E90      	MOVLW       144
0x0502	0x6EAB      	MOVWF       RCSTA 
;__Lib_UART_c67.c,25 :: 		
0x0504	0x8E94      	BSF         TRISC7_bit, BitPos(TRISC7_bit+0) 
;__Lib_UART_c67.c,26 :: 		
0x0506	0x9C94      	BCF         TRISC6_bit, BitPos(TRISC6_bit+0) 
;__Lib_UART_c67.c,28 :: 		
L_UART1_Init0:
0x0508	0xAA9E      	BTFSS       PIR1, 5 
0x050A	0xD003      	BRA         L_UART1_Init1
;__Lib_UART_c67.c,29 :: 		
0x050C	0xF000CFAE  	MOVFF       RCREG, R0
0x0510	0xD7FB      	BRA         L_UART1_Init0
L_UART1_Init1:
;__Lib_UART_c67.c,30 :: 		
L_end_UART1_Init:
0x0512	0x0012      	RETURN      0
; end of _UART1_Init
_Soft_UART_Init:
;__Lib_SoftUART.c,152 :: 		
;__Lib_SoftUART.c,156 :: 		
0x0514	0xF01EC030  	MOVFF       FARG_Soft_UART_Init_port, __Lib_SoftUART__port_addr
0x0518	0xF01FC031  	MOVFF       FARG_Soft_UART_Init_port+1, __Lib_SoftUART__port_addr+1
;__Lib_SoftUART.c,157 :: 		
0x051C	0xF000C032  	MOVFF       FARG_Soft_UART_Init_rx_pin, R0
0x0520	0x0E01      	MOVLW       1
0x0522	0x6E02      	MOVWF       R2 
0x0524	0x5000      	MOVF        R0, 0 
L__Soft_UART_Init32:
0x0526	0xE004      	BZ          L__Soft_UART_Init33
0x0528	0x3602      	RLCF        R2, 1 
0x052A	0x9002      	BCF         R2, 0 
0x052C	0x0FFF      	ADDLW       255
0x052E	0xD7FB      	BRA         L__Soft_UART_Init32
L__Soft_UART_Init33:
0x0530	0xF01DC002  	MOVFF       R2, __Lib_SoftUART__rx_mask1
;__Lib_SoftUART.c,158 :: 		
0x0534	0x1C02      	COMF        R2, 0 
0x0536	0x6E21      	MOVWF       __Lib_SoftUART__rx_mask0 
;__Lib_SoftUART.c,159 :: 		
0x0538	0xF001C033  	MOVFF       FARG_Soft_UART_Init_tx_pin, R1
0x053C	0x0E01      	MOVLW       1
0x053E	0x6E00      	MOVWF       R0 
0x0540	0x5001      	MOVF        R1, 0 
L__Soft_UART_Init34:
0x0542	0xE004      	BZ          L__Soft_UART_Init35
0x0544	0x3600      	RLCF        R0, 1 
0x0546	0x9000      	BCF         R0, 0 
0x0548	0x0FFF      	ADDLW       255
0x054A	0xD7FB      	BRA         L__Soft_UART_Init34
L__Soft_UART_Init35:
0x054C	0xF020C000  	MOVFF       R0, __Lib_SoftUART__tx_mask1
;__Lib_SoftUART.c,160 :: 		
0x0550	0x1E00      	COMF        R0, 1 
0x0552	0xF01CC000  	MOVFF       R0, __Lib_SoftUART__tx_mask0
;__Lib_SoftUART.c,163 :: 		
0x0556	0x0E12      	MOVLW       18
0x0558	0x2430      	ADDWF       FARG_Soft_UART_Init_port, 0 
0x055A	0x6EE9      	MOVWF       FSR0L 
0x055C	0x0E00      	MOVLW       0
0x055E	0x2031      	ADDWFC      FARG_Soft_UART_Init_port+1, 0 
0x0560	0x6EEA      	MOVWF       FSR0H 
;__Lib_SoftUART.c,164 :: 		
0x0562	0x5002      	MOVF        R2, 0 
0x0564	0x12EF      	IORWF       INDF0, 1 
;__Lib_SoftUART.c,167 :: 		
0x0566	0x5000      	MOVF        R0, 0 
0x0568	0x16EF      	ANDWF       INDF0, 1 
;__Lib_SoftUART.c,169 :: 		
0x056A	0x6A16      	CLRF        __Lib_SoftUART_InvertMaskRd 
;__Lib_SoftUART.c,170 :: 		
0x056C	0x5238      	MOVF        FARG_Soft_UART_Init_inverted, 1 
0x056E	0xA4D8      	BTFSS       STATUS, 2 
;__Lib_SoftUART.c,171 :: 		
0x0570	0x1E16      	COMF        __Lib_SoftUART_InvertMaskRd, 1 
L_Soft_UART_Init21:
;__Lib_SoftUART.c,174 :: 		
0x0572	0x0E12      	MOVLW       18
0x0574	0x5EE9      	SUBWF       FSR0L, 1 
;__Lib_SoftUART.c,175 :: 		
0x0576	0x5016      	MOVF        __Lib_SoftUART_InvertMaskRd, 0 
0x0578	0x0A00      	XORLW       0
0x057A	0xE003      	BZ          L_Soft_UART_Init22
;__Lib_SoftUART.c,177 :: 		
0x057C	0x501C      	MOVF        __Lib_SoftUART__tx_mask0, 0 
0x057E	0x16EF      	ANDWF       INDF0, 1 
0x0580	0xD002      	BRA         L_Soft_UART_Init23
L_Soft_UART_Init22:
;__Lib_SoftUART.c,180 :: 		
0x0582	0x5020      	MOVF        __Lib_SoftUART__tx_mask1, 0 
0x0584	0x12EF      	IORWF       INDF0, 1 
L_Soft_UART_Init23:
;__Lib_SoftUART.c,182 :: 		
0x0586	0xDEE6      	RCALL       _Get_Fosc_kHz
0x0588	0x0EE8      	MOVLW       232
0x058A	0x6E04      	MOVWF       R4 
0x058C	0x0E03      	MOVLW       3
0x058E	0x6E05      	MOVWF       R5 
0x0590	0x0E00      	MOVLW       0
0x0592	0x6E06      	MOVWF       R6 
0x0594	0x6E07      	MOVWF       R7 
0x0596	0xDE8F      	RCALL       _Mul_32x32_U
0x0598	0xF043C000  	MOVFF       R0, FLOC__Soft_UART_Init
0x059C	0xF044C001  	MOVFF       R1, FLOC__Soft_UART_Init+1
0x05A0	0xF045C002  	MOVFF       R2, FLOC__Soft_UART_Init+2
0x05A4	0xF046C003  	MOVFF       R3, FLOC__Soft_UART_Init+3
0x05A8	0xF039C043  	MOVFF       FLOC__Soft_UART_Init, Soft_UART_Init_q1_L0
0x05AC	0xF03AC044  	MOVFF       FLOC__Soft_UART_Init+1, Soft_UART_Init_q1_L0+1
0x05B0	0xF03BC045  	MOVFF       FLOC__Soft_UART_Init+2, Soft_UART_Init_q1_L0+2
0x05B4	0xF03CC046  	MOVFF       FLOC__Soft_UART_Init+3, Soft_UART_Init_q1_L0+3
;__Lib_SoftUART.c,183 :: 		
0x05B8	0xF000C034  	MOVFF       FARG_Soft_UART_Init_baud_rate, R0
0x05BC	0xF001C035  	MOVFF       FARG_Soft_UART_Init_baud_rate+1, R1
0x05C0	0xF002C036  	MOVFF       FARG_Soft_UART_Init_baud_rate+2, R2
0x05C4	0xF003C037  	MOVFF       FARG_Soft_UART_Init_baud_rate+3, R3
0x05C8	0x3600      	RLCF        R0, 1 
0x05CA	0x9000      	BCF         R0, 0 
0x05CC	0x3601      	RLCF        R1, 1 
0x05CE	0x3602      	RLCF        R2, 1 
0x05D0	0x3603      	RLCF        R3, 1 
0x05D2	0x3600      	RLCF        R0, 1 
0x05D4	0x9000      	BCF         R0, 0 
0x05D6	0x3601      	RLCF        R1, 1 
0x05D8	0x3602      	RLCF        R2, 1 
0x05DA	0x3603      	RLCF        R3, 1 
0x05DC	0x0E0A      	MOVLW       10
0x05DE	0x6E04      	MOVWF       R4 
0x05E0	0x0E00      	MOVLW       0
0x05E2	0x6E05      	MOVWF       R5 
0x05E4	0x6E06      	MOVWF       R6 
0x05E6	0x6E07      	MOVWF       R7 
0x05E8	0xDE66      	RCALL       _Mul_32x32_U
0x05EA	0xF03DC000  	MOVFF       R0, Soft_UART_Init_q2_L0
0x05EE	0xF03EC001  	MOVFF       R1, Soft_UART_Init_q2_L0+1
0x05F2	0xF03FC002  	MOVFF       R2, Soft_UART_Init_q2_L0+2
0x05F6	0xF040C003  	MOVFF       R3, Soft_UART_Init_q2_L0+3
;__Lib_SoftUART.c,186 :: 		
0x05FA	0xF004C000  	MOVFF       R0, R4
0x05FE	0xF005C001  	MOVFF       R1, R5
0x0602	0xF006C002  	MOVFF       R2, R6
0x0606	0xF007C003  	MOVFF       R3, R7
0x060A	0xF000C043  	MOVFF       FLOC__Soft_UART_Init, R0
0x060E	0xF001C044  	MOVFF       FLOC__Soft_UART_Init+1, R1
0x0612	0xF002C045  	MOVFF       FLOC__Soft_UART_Init+2, R2
0x0616	0xF003C046  	MOVFF       FLOC__Soft_UART_Init+3, R3
0x061A	0xDEA4      	RCALL       _Div_32x32_S
0x061C	0xF041C000  	MOVFF       R0, Soft_UART_Init_temp_word_L0
0x0620	0xF042C001  	MOVFF       R1, Soft_UART_Init_temp_word_L0+1
;__Lib_SoftUART.c,187 :: 		
0x0624	0xF004C001  	MOVFF       R1, R4
0x0628	0x6A05      	CLRF        R5 
0x062A	0x5004      	MOVF        R4, 0 
0x062C	0x1005      	IORWF       R5, 0 
0x062E	0xE003      	BZ          L_Soft_UART_Init24
;__Lib_SoftUART.c,188 :: 		
0x0630	0x0E02      	MOVLW       2
0x0632	0x6E00      	MOVWF       R0 
0x0634	0xD050      	BRA         L_end_Soft_UART_Init
L_Soft_UART_Init24:
;__Lib_SoftUART.c,190 :: 		
0x0636	0xF015C041  	MOVFF       Soft_UART_Init_temp_word_L0, __Lib_SoftUART_FullBit
;__Lib_SoftUART.c,191 :: 		
0x063A	0xF004C03D  	MOVFF       Soft_UART_Init_q2_L0, R4
0x063E	0xF005C03E  	MOVFF       Soft_UART_Init_q2_L0+1, R5
0x0642	0xF006C03F  	MOVFF       Soft_UART_Init_q2_L0+2, R6
0x0646	0xF007C040  	MOVFF       Soft_UART_Init_q2_L0+3, R7
0x064A	0xF000C039  	MOVFF       Soft_UART_Init_q1_L0, R0
0x064E	0xF001C03A  	MOVFF       Soft_UART_Init_q1_L0+1, R1
0x0652	0xF002C03B  	MOVFF       Soft_UART_Init_q1_L0+2, R2
0x0656	0xF003C03C  	MOVFF       Soft_UART_Init_q1_L0+3, R3
0x065A	0xDE84      	RCALL       _Div_32x32_S
0x065C	0xF000C008  	MOVFF       R8, R0
0x0660	0xF001C009  	MOVFF       R9, R1
0x0664	0xF002C00A  	MOVFF       R10, R2
0x0668	0xF003C00B  	MOVFF       R11, R3
0x066C	0xF039C000  	MOVFF       R0, Soft_UART_Init_q1_L0
0x0670	0xF03AC001  	MOVFF       R1, Soft_UART_Init_q1_L0+1
0x0674	0xF03BC002  	MOVFF       R2, Soft_UART_Init_q1_L0+2
0x0678	0xF03CC003  	MOVFF       R3, Soft_UART_Init_q1_L0+3
;__Lib_SoftUART.c,193 :: 		
0x067C	0xF005C03D  	MOVFF       Soft_UART_Init_q2_L0, R5
0x0680	0xF006C03E  	MOVFF       Soft_UART_Init_q2_L0+1, R6
0x0684	0xF007C03F  	MOVFF       Soft_UART_Init_q2_L0+2, R7
0x0688	0xF008C040  	MOVFF       Soft_UART_Init_q2_L0+3, R8
0x068C	0x3208      	RRCF        R8, 1 
0x068E	0x3207      	RRCF        R7, 1 
0x0690	0x3206      	RRCF        R6, 1 
0x0692	0x3205      	RRCF        R5, 1 
0x0694	0x9E08      	BCF         R8, 7 
0x0696	0xBC08      	BTFSC       R8, 6 
0x0698	0x8E08      	BSF         R8, 7 
0x069A	0x0E80      	MOVLW       128
0x069C	0x1808      	XORWF       R8, 0 
0x069E	0x6E04      	MOVWF       R4 
0x06A0	0x0E80      	MOVLW       128
0x06A2	0x1803      	XORWF       R3, 0 
0x06A4	0x5C04      	SUBWF       R4, 0 
0x06A6	0xE108      	BNZ         L__Soft_UART_Init36
0x06A8	0x5002      	MOVF        R2, 0 
0x06AA	0x5C07      	SUBWF       R7, 0 
0x06AC	0xE105      	BNZ         L__Soft_UART_Init36
0x06AE	0x5001      	MOVF        R1, 0 
0x06B0	0x5C06      	SUBWF       R6, 0 
0x06B2	0xE102      	BNZ         L__Soft_UART_Init36
0x06B4	0x5000      	MOVF        R0, 0 
0x06B6	0x5C05      	SUBWF       R5, 0 
L__Soft_UART_Init36:
0x06B8	0xA0D8      	BTFSS       STATUS, 0 
;__Lib_SoftUART.c,194 :: 		
0x06BA	0x2A15      	INCF        __Lib_SoftUART_FullBit, 1 
L_Soft_UART_Init25:
;__Lib_SoftUART.c,196 :: 		
0x06BC	0xF001C015  	MOVFF       __Lib_SoftUART_FullBit, R1
0x06C0	0x3201      	RRCF        R1, 1 
0x06C2	0x9E01      	BCF         R1, 7 
0x06C4	0xF01BC001  	MOVFF       R1, __Lib_SoftUART_HalfBit
;__Lib_SoftUART.c,198 :: 		
0x06C8	0x0E07      	MOVLW       7
0x06CA	0x5C01      	SUBWF       R1, 0 
0x06CC	0xE203      	BC          L_Soft_UART_Init26
;__Lib_SoftUART.c,199 :: 		
0x06CE	0x0E01      	MOVLW       1
0x06D0	0x6E00      	MOVWF       R0 
0x06D2	0xD001      	BRA         L_end_Soft_UART_Init
L_Soft_UART_Init26:
;__Lib_SoftUART.c,201 :: 		
0x06D4	0x6A00      	CLRF        R0 
;__Lib_SoftUART.c,202 :: 		
L_end_Soft_UART_Init:
0x06D6	0x0012      	RETURN      0
; end of _Soft_UART_Init
_listenSI:
;System Core.c,165 :: 		int listenSI(char i)//the argument is based on which wordset is selected for recognition
;System Core.c,167 :: 		char receive = null;
0x06D8	0x6A31      	CLRF        listenSI_receive_L0 
0x06DA	0x6A32      	CLRF        listenSI_command_L0 
;System Core.c,169 :: 		UART1_Write(CMD_RECOG_SI);
0x06DC	0x0E69      	MOVLW       105
0x06DE	0x6E47      	MOVWF       FARG_UART1_Write_data_ 
0x06E0	0xDDE3      	RCALL       _UART1_Write
;System Core.c,170 :: 		Delay_ms(25);
0x06E2	0x0E21      	MOVLW       33
0x06E4	0x6E0C      	MOVWF       R12, 0
0x06E6	0x0E76      	MOVLW       118
0x06E8	0x6E0D      	MOVWF       R13, 0
L_listenSI24:
0x06EA	0x2E0D      	DECFSZ      R13, 1, 0
0x06EC	0xD7FE      	BRA         L_listenSI24
0x06EE	0x2E0C      	DECFSZ      R12, 1, 0
0x06F0	0xD7FC      	BRA         L_listenSI24
0x06F2	0x0000      	NOP
;System Core.c,171 :: 		UART1_Write(i);//start recognition in wordset number 1 based on the argument passed into the function
0x06F4	0xF047C030  	MOVFF       FARG_listenSI_i, FARG_UART1_Write_data_
0x06F8	0xDDD7      	RCALL       _UART1_Write
;System Core.c,172 :: 		Delay_ms(25);
0x06FA	0x0E21      	MOVLW       33
0x06FC	0x6E0C      	MOVWF       R12, 0
0x06FE	0x0E76      	MOVLW       118
0x0700	0x6E0D      	MOVWF       R13, 0
L_listenSI25:
0x0702	0x2E0D      	DECFSZ      R13, 1, 0
0x0704	0xD7FE      	BRA         L_listenSI25
0x0706	0x2E0C      	DECFSZ      R12, 1, 0
0x0708	0xD7FC      	BRA         L_listenSI25
0x070A	0x0000      	NOP
;System Core.c,173 :: 		if (UART1_Data_Ready())// If data is received,
0x070C	0xDDC8      	RCALL       _UART1_Data_Ready
0x070E	0x5200      	MOVF        R0, 1 
0x0710	0xE003      	BZ          L_listenSI26
;System Core.c,175 :: 		receive = UART1_Read();//store it in receive
0x0712	0xDDBC      	RCALL       _UART1_Read
0x0714	0xF031C000  	MOVFF       R0, listenSI_receive_L0
;System Core.c,176 :: 		}
L_listenSI26:
;System Core.c,177 :: 		if (receive == STS_SIMILAR)//if there is successful recognition
0x0718	0x5031      	MOVF        listenSI_receive_L0, 0 
0x071A	0x0A73      	XORLW       115
0x071C	0xE139      	BNZ         L_listenSI27
;System Core.c,179 :: 		UART1_Write(ARG_ACK);//send acknowledgement
0x071E	0x0E20      	MOVLW       32
0x0720	0x6E47      	MOVWF       FARG_UART1_Write_data_ 
0x0722	0xDDC2      	RCALL       _UART1_Write
;System Core.c,180 :: 		Delay_ms(25);
0x0724	0x0E21      	MOVLW       33
0x0726	0x6E0C      	MOVWF       R12, 0
0x0728	0x0E76      	MOVLW       118
0x072A	0x6E0D      	MOVWF       R13, 0
L_listenSI28:
0x072C	0x2E0D      	DECFSZ      R13, 1, 0
0x072E	0xD7FE      	BRA         L_listenSI28
0x0730	0x2E0C      	DECFSZ      R12, 1, 0
0x0732	0xD7FC      	BRA         L_listenSI28
0x0734	0x0000      	NOP
;System Core.c,181 :: 		if (UART1_Data_Ready())// If data is received,
0x0736	0xDDB3      	RCALL       _UART1_Data_Ready
0x0738	0x5200      	MOVF        R0, 1 
0x073A	0xE003      	BZ          L_listenSI29
;System Core.c,183 :: 		receive = UART1_Read();//store it in receive
0x073C	0xDDA7      	RCALL       _UART1_Read
0x073E	0xF031C000  	MOVFF       R0, listenSI_receive_L0
;System Core.c,184 :: 		}
L_listenSI29:
;System Core.c,185 :: 		command = receive - ARG_ZERO;//subtract A to find the command spoken
0x0742	0x0E41      	MOVLW       65
0x0744	0x5C31      	SUBWF       listenSI_receive_L0, 0 
0x0746	0x6E32      	MOVWF       listenSI_command_L0 
;System Core.c,186 :: 		switch (command)
0x0748	0xD009      	BRA         L_listenSI30
;System Core.c,188 :: 		case (ACTION):
L_listenSI32:
;System Core.c,189 :: 		break;
0x074A	0xD021      	BRA         L_listenSI31
;System Core.c,190 :: 		case (MOVE):
L_listenSI33:
;System Core.c,191 :: 		break;
0x074C	0xD020      	BRA         L_listenSI31
;System Core.c,192 :: 		case (TURN):
L_listenSI34:
;System Core.c,193 :: 		break;
0x074E	0xD01F      	BRA         L_listenSI31
;System Core.c,194 :: 		case (RUN):
L_listenSI35:
;System Core.c,195 :: 		break;
0x0750	0xD01E      	BRA         L_listenSI31
;System Core.c,196 :: 		case (LOOK):
L_listenSI36:
;System Core.c,197 :: 		break;
0x0752	0xD01D      	BRA         L_listenSI31
;System Core.c,198 :: 		case (ATTACK):
L_listenSI37:
;System Core.c,199 :: 		break;
0x0754	0xD01C      	BRA         L_listenSI31
;System Core.c,200 :: 		case (STOP):
L_listenSI38:
;System Core.c,201 :: 		break;
0x0756	0xD01B      	BRA         L_listenSI31
;System Core.c,202 :: 		case (HELLO):
L_listenSI39:
;System Core.c,203 :: 		break;
0x0758	0xD01A      	BRA         L_listenSI31
;System Core.c,204 :: 		default:
L_listenSI40:
;System Core.c,205 :: 		break;
0x075A	0xD019      	BRA         L_listenSI31
;System Core.c,206 :: 		}
L_listenSI30:
0x075C	0x5032      	MOVF        listenSI_command_L0, 0 
0x075E	0x0A00      	XORLW       0
0x0760	0xE0F4      	BZ          L_listenSI32
0x0762	0x5032      	MOVF        listenSI_command_L0, 0 
0x0764	0x0A01      	XORLW       1
0x0766	0xE0F2      	BZ          L_listenSI33
0x0768	0x5032      	MOVF        listenSI_command_L0, 0 
0x076A	0x0A02      	XORLW       2
0x076C	0xE0F0      	BZ          L_listenSI34
0x076E	0x5032      	MOVF        listenSI_command_L0, 0 
0x0770	0x0A03      	XORLW       3
0x0772	0xE0EE      	BZ          L_listenSI35
0x0774	0x5032      	MOVF        listenSI_command_L0, 0 
0x0776	0x0A04      	XORLW       4
0x0778	0xE0EC      	BZ          L_listenSI36
0x077A	0x5032      	MOVF        listenSI_command_L0, 0 
0x077C	0x0A05      	XORLW       5
0x077E	0xE0EA      	BZ          L_listenSI37
0x0780	0x5032      	MOVF        listenSI_command_L0, 0 
0x0782	0x0A06      	XORLW       6
0x0784	0xE0E8      	BZ          L_listenSI38
0x0786	0x5032      	MOVF        listenSI_command_L0, 0 
0x0788	0x0A07      	XORLW       7
0x078A	0xE0E6      	BZ          L_listenSI39
0x078C	0xD7E6      	BRA         L_listenSI40
L_listenSI31:
;System Core.c,207 :: 		} else
0x078E	0xD011      	BRA         L_listenSI41
L_listenSI27:
;System Core.c,208 :: 		if (receive == STS_TIMEOUT)//if there is a timeout
0x0790	0x5031      	MOVF        listenSI_receive_L0, 0 
0x0792	0x0A74      	XORLW       116
0x0794	0xE10A      	BNZ         L_listenSI42
;System Core.c,210 :: 		blinkD0(1);
0x0796	0x0E01      	MOVLW       1
0x0798	0x6E47      	MOVWF       FARG_blinkD0_a 
0x079A	0x0E00      	MOVLW       0
0x079C	0x6E48      	MOVWF       FARG_blinkD0_a+1 
0x079E	0xDDB5      	RCALL       _blinkD0
;System Core.c,211 :: 		return TRUE;//then return TRUE (a value of 1)
0x07A0	0x0E01      	MOVLW       1
0x07A2	0x6E00      	MOVWF       R0 
0x07A4	0x0E00      	MOVLW       0
0x07A6	0x6E01      	MOVWF       R1 
0x07A8	0xD005      	BRA         L_end_listenSI
;System Core.c,212 :: 		} else
L_listenSI42:
;System Core.c,213 :: 		if (receive == STS_ERROR)
0x07AA	0x5031      	MOVF        listenSI_receive_L0, 0 
0x07AC	0x0A65      	XORLW       101
0x07AE	0xE101      	BNZ         L_listenSI44
;System Core.c,215 :: 		error();
0x07B0	0xDDAB      	RCALL       _error
;System Core.c,216 :: 		}
L_listenSI44:
L_listenSI41:
;System Core.c,217 :: 		receive = null;
0x07B2	0x6A31      	CLRF        listenSI_receive_L0 
;System Core.c,218 :: 		}
L_end_listenSI:
0x07B4	0x0012      	RETURN      0
; end of _listenSI
___CC2DW:
;__Lib_System.c,21 :: 		
;__Lib_System.c,23 :: 		
_CC2DL_Loop1:
;__Lib_System.c,24 :: 		
0x07B6	0x0009      	TBLRD*+
;__Lib_System.c,25 :: 		
0x07B8	0xFFE6CFF5  	MOVFF       TABLAT, POSTINC1
;__Lib_System.c,26 :: 		
0x07BC	0x0600      	DECF        R0, 1, 0
;__Lib_System.c,27 :: 		
0x07BE	0xE1FB      	BNZ         _CC2DL_Loop1
;__Lib_System.c,28 :: 		
0x07C0	0x0601      	DECF        R1, 1, 0
;__Lib_System.c,29 :: 		
0x07C2	0xE1F9      	BNZ         _CC2DL_Loop1
;__Lib_System.c,31 :: 		
L_end___CC2DW:
0x07C4	0x0012      	RETURN      0
; end of ___CC2DW
_timeout:
;System Core.c,143 :: 		void timeout(char i)//the argument based on the communication protocol sets the respective time numbering
;System Core.c,145 :: 		char rec = null;
0x07C6	0x6A31      	CLRF        timeout_rec_L0 
;System Core.c,146 :: 		UART1_Write(CMD_TIMEOUT);
0x07C8	0x0E6F      	MOVLW       111
0x07CA	0x6E47      	MOVWF       FARG_UART1_Write_data_ 
0x07CC	0xDD6D      	RCALL       _UART1_Write
;System Core.c,147 :: 		Delay_ms(25);
0x07CE	0x0E21      	MOVLW       33
0x07D0	0x6E0C      	MOVWF       R12, 0
0x07D2	0x0E76      	MOVLW       118
0x07D4	0x6E0D      	MOVWF       R13, 0
L_timeout19:
0x07D6	0x2E0D      	DECFSZ      R13, 1, 0
0x07D8	0xD7FE      	BRA         L_timeout19
0x07DA	0x2E0C      	DECFSZ      R12, 1, 0
0x07DC	0xD7FC      	BRA         L_timeout19
0x07DE	0x0000      	NOP
;System Core.c,148 :: 		UART1_Write(i);
0x07E0	0xF047C030  	MOVFF       FARG_timeout_i, FARG_UART1_Write_data_
0x07E4	0xDD61      	RCALL       _UART1_Write
;System Core.c,149 :: 		Delay_ms(25);
0x07E6	0x0E21      	MOVLW       33
0x07E8	0x6E0C      	MOVWF       R12, 0
0x07EA	0x0E76      	MOVLW       118
0x07EC	0x6E0D      	MOVWF       R13, 0
L_timeout20:
0x07EE	0x2E0D      	DECFSZ      R13, 1, 0
0x07F0	0xD7FE      	BRA         L_timeout20
0x07F2	0x2E0C      	DECFSZ      R12, 1, 0
0x07F4	0xD7FC      	BRA         L_timeout20
0x07F6	0x0000      	NOP
;System Core.c,150 :: 		while(rec != STS_SUCCESS)
L_timeout21:
0x07F8	0x5031      	MOVF        timeout_rec_L0, 0 
0x07FA	0x0A6F      	XORLW       111
0x07FC	0xE007      	BZ          L_timeout22
;System Core.c,152 :: 		if (UART1_Data_Ready())
0x07FE	0xDD4F      	RCALL       _UART1_Data_Ready
0x0800	0x5200      	MOVF        R0, 1 
0x0802	0xE003      	BZ          L_timeout23
;System Core.c,154 :: 		rec = UART1_Read();
0x0804	0xDD43      	RCALL       _UART1_Read
0x0806	0xF031C000  	MOVFF       R0, timeout_rec_L0
;System Core.c,155 :: 		}
L_timeout23:
;System Core.c,156 :: 		}
0x080A	0xD7F6      	BRA         L_timeout21
L_timeout22:
;System Core.c,157 :: 		rec = null;
0x080C	0x6A31      	CLRF        timeout_rec_L0 
;System Core.c,158 :: 		}
L_end_timeout:
0x080E	0x0012      	RETURN      0
; end of _timeout
_halt:
;System Core.c,110 :: 		int halt()//this stops the current process and can be used to wake the module, returns TRUE OR '1' if the process is successful
;System Core.c,112 :: 		char rec = null;
0x0810	0x6A30      	CLRF        halt_rec_L0 
;System Core.c,113 :: 		UART1_Write(CMD_BREAK);
0x0812	0x0E62      	MOVLW       98
0x0814	0x6E47      	MOVWF       FARG_UART1_Write_data_ 
0x0816	0xDD48      	RCALL       _UART1_Write
;System Core.c,114 :: 		Delay_ms(25);
0x0818	0x0E21      	MOVLW       33
0x081A	0x6E0C      	MOVWF       R12, 0
0x081C	0x0E76      	MOVLW       118
0x081E	0x6E0D      	MOVWF       R13, 0
L_halt10:
0x0820	0x2E0D      	DECFSZ      R13, 1, 0
0x0822	0xD7FE      	BRA         L_halt10
0x0824	0x2E0C      	DECFSZ      R12, 1, 0
0x0826	0xD7FC      	BRA         L_halt10
0x0828	0x0000      	NOP
;System Core.c,115 :: 		while(rec != STS_SUCCESS)
L_halt11:
0x082A	0x5030      	MOVF        halt_rec_L0, 0 
0x082C	0x0A6F      	XORLW       111
0x082E	0xE007      	BZ          L_halt12
;System Core.c,117 :: 		if (UART1_Data_Ready())
0x0830	0xDD36      	RCALL       _UART1_Data_Ready
0x0832	0x5200      	MOVF        R0, 1 
0x0834	0xE003      	BZ          L_halt13
;System Core.c,119 :: 		rec = UART1_Read();
0x0836	0xDD2A      	RCALL       _UART1_Read
0x0838	0xF030C000  	MOVFF       R0, halt_rec_L0
;System Core.c,120 :: 		}
L_halt13:
;System Core.c,121 :: 		}
0x083C	0xD7F6      	BRA         L_halt11
L_halt12:
;System Core.c,122 :: 		rec = null;
0x083E	0x6A30      	CLRF        halt_rec_L0 
;System Core.c,123 :: 		return TRUE; //return 1 if there is success in stopping
0x0840	0x0E01      	MOVLW       1
0x0842	0x6E00      	MOVWF       R0 
0x0844	0x0E00      	MOVLW       0
0x0846	0x6E01      	MOVWF       R1 
;System Core.c,124 :: 		}
L_end_halt:
0x0848	0x0012      	RETURN      0
; end of _halt
_setLang:
;System Core.c,126 :: 		void setLang(char i)//the argument is based on the communication protocol and the respective language numbering
;System Core.c,128 :: 		char rec = null;
0x084A	0x6A31      	CLRF        setLang_rec_L0 
;System Core.c,129 :: 		UART1_Write(CMD_LANGUAGE);
0x084C	0x0E6C      	MOVLW       108
0x084E	0x6E47      	MOVWF       FARG_UART1_Write_data_ 
0x0850	0xDD2B      	RCALL       _UART1_Write
;System Core.c,130 :: 		Delay_ms(25);
0x0852	0x0E21      	MOVLW       33
0x0854	0x6E0C      	MOVWF       R12, 0
0x0856	0x0E76      	MOVLW       118
0x0858	0x6E0D      	MOVWF       R13, 0
L_setLang14:
0x085A	0x2E0D      	DECFSZ      R13, 1, 0
0x085C	0xD7FE      	BRA         L_setLang14
0x085E	0x2E0C      	DECFSZ      R12, 1, 0
0x0860	0xD7FC      	BRA         L_setLang14
0x0862	0x0000      	NOP
;System Core.c,131 :: 		UART1_Write(i);
0x0864	0xF047C030  	MOVFF       FARG_setLang_i, FARG_UART1_Write_data_
0x0868	0xDD1F      	RCALL       _UART1_Write
;System Core.c,132 :: 		Delay_ms(25);
0x086A	0x0E21      	MOVLW       33
0x086C	0x6E0C      	MOVWF       R12, 0
0x086E	0x0E76      	MOVLW       118
0x0870	0x6E0D      	MOVWF       R13, 0
L_setLang15:
0x0872	0x2E0D      	DECFSZ      R13, 1, 0
0x0874	0xD7FE      	BRA         L_setLang15
0x0876	0x2E0C      	DECFSZ      R12, 1, 0
0x0878	0xD7FC      	BRA         L_setLang15
0x087A	0x0000      	NOP
;System Core.c,133 :: 		while(rec != STS_SUCCESS)
L_setLang16:
0x087C	0x5031      	MOVF        setLang_rec_L0, 0 
0x087E	0x0A6F      	XORLW       111
0x0880	0xE007      	BZ          L_setLang17
;System Core.c,135 :: 		if (UART1_Data_Ready())
0x0882	0xDD0D      	RCALL       _UART1_Data_Ready
0x0884	0x5200      	MOVF        R0, 1 
0x0886	0xE003      	BZ          L_setLang18
;System Core.c,137 :: 		rec = UART1_Read();
0x0888	0xDD01      	RCALL       _UART1_Read
0x088A	0xF031C000  	MOVFF       R0, setLang_rec_L0
;System Core.c,138 :: 		}
L_setLang18:
;System Core.c,139 :: 		}
0x088E	0xD7F6      	BRA         L_setLang16
L_setLang17:
;System Core.c,140 :: 		rec = null;
0x0890	0x6A31      	CLRF        setLang_rec_L0 
;System Core.c,141 :: 		}
L_end_setLang:
0x0892	0x0012      	RETURN      0
; end of _setLang
_MAIN:
;System Core.c,223 :: 		void MAIN()
;System Core.c,225 :: 		char receive = null;
0x0894	0x6A2F      	CLRF        MAIN_receive_L0 
;System Core.c,227 :: 		TRISD0_bit = 0;                                                            //Set port D pin 0 as output
0x0896	0x9095      	BCF         TRISD0_bit, BitPos(TRISD0_bit+0) 
;System Core.c,228 :: 		TRISD1_bit = 0;                                                            //set port D pin 1 as output
0x0898	0x9295      	BCF         TRISD1_bit, BitPos(TRISD1_bit+0) 
;System Core.c,229 :: 		UART1_Init(9600);                                                          // Initialize UART module at 9600 bps
0x089A	0x86B8      	BSF         BAUDCON, 3, 0
0x089C	0x6AB0      	CLRF        SPBRGH 
0x089E	0x0E67      	MOVLW       103
0x08A0	0x6EAF      	MOVWF       SPBRG 
0x08A2	0x84AC      	BSF         TXSTA, 2, 0
0x08A4	0xDE0C      	RCALL       _UART1_Init
;System Core.c,230 :: 		Delay_ms(100);                                                             // Wait for UART module to stabilize
0x08A6	0x0E82      	MOVLW       130
0x08A8	0x6E0C      	MOVWF       R12, 0
0x08AA	0x0EDD      	MOVLW       221
0x08AC	0x6E0D      	MOVWF       R13, 0
L_MAIN45:
0x08AE	0x2E0D      	DECFSZ      R13, 1, 0
0x08B0	0xD7FE      	BRA         L_MAIN45
0x08B2	0x2E0C      	DECFSZ      R12, 1, 0
0x08B4	0xD7FC      	BRA         L_MAIN45
0x08B6	0x0000      	NOP
0x08B8	0x0000      	NOP
;System Core.c,231 :: 		error = Soft_UART_Init(&PORTD, 3, 2, 9600, 0);                             // Initialize Soft UART at 9600 bps
0x08BA	0x0E83      	MOVLW       PORTD
0x08BC	0x6E30      	MOVWF       FARG_Soft_UART_Init_port 
0x08BE	0x0E0F      	MOVLW       hi_addr(PORTD)
0x08C0	0x6E31      	MOVWF       FARG_Soft_UART_Init_port+1 
0x08C2	0x0E03      	MOVLW       3
0x08C4	0x6E32      	MOVWF       FARG_Soft_UART_Init_rx_pin 
0x08C6	0x0E02      	MOVLW       2
0x08C8	0x6E33      	MOVWF       FARG_Soft_UART_Init_tx_pin 
0x08CA	0x0E80      	MOVLW       128
0x08CC	0x6E34      	MOVWF       FARG_Soft_UART_Init_baud_rate 
0x08CE	0x0E25      	MOVLW       37
0x08D0	0x6E35      	MOVWF       FARG_Soft_UART_Init_baud_rate+1 
0x08D2	0x0E00      	MOVLW       0
0x08D4	0x6E36      	MOVWF       FARG_Soft_UART_Init_baud_rate+2 
0x08D6	0x6E37      	MOVWF       FARG_Soft_UART_Init_baud_rate+3 
0x08D8	0x6A38      	CLRF        FARG_Soft_UART_Init_inverted 
0x08DA	0xDE1C      	RCALL       _Soft_UART_Init
0x08DC	0xF02EC000  	MOVFF       R0, MAIN_error_L0
;System Core.c,232 :: 		Delay_ms(100);                                                             // wait for software UART to stabalize
0x08E0	0x0E82      	MOVLW       130
0x08E2	0x6E0C      	MOVWF       R12, 0
0x08E4	0x0EDD      	MOVLW       221
0x08E6	0x6E0D      	MOVWF       R13, 0
L_MAIN46:
0x08E8	0x2E0D      	DECFSZ      R13, 1, 0
0x08EA	0xD7FE      	BRA         L_MAIN46
0x08EC	0x2E0C      	DECFSZ      R12, 1, 0
0x08EE	0xD7FC      	BRA         L_MAIN46
0x08F0	0x0000      	NOP
0x08F2	0x0000      	NOP
;System Core.c,234 :: 		halt();
0x08F4	0xDF8D      	RCALL       _halt
;System Core.c,235 :: 		setLang(ARG_ZERO); //selects the english language
0x08F6	0x0E41      	MOVLW       65
0x08F8	0x6E30      	MOVWF       FARG_setLang_i 
0x08FA	0xDFA7      	RCALL       _setLang
;System Core.c,236 :: 		timeout(ARG_FIVE);
0x08FC	0x0E46      	MOVLW       70
0x08FE	0x6E30      	MOVWF       FARG_timeout_i 
0x0900	0xDF62      	RCALL       _timeout
;System Core.c,237 :: 		listenSI(ARG_ONE);
0x0902	0x0E42      	MOVLW       66
0x0904	0x6E30      	MOVWF       FARG_listenSI_i 
0x0906	0xDEE8      	RCALL       _listenSI
;System Core.c,239 :: 		while(1)
L_MAIN47:
;System Core.c,242 :: 		}//end     of neverending loop
0x0908	0xD7FF      	BRA         L_MAIN47
;System Core.c,244 :: 		}
L_end_MAIN:
0x090A	0xD7FF      	BRA         $+0
; end of _MAIN
Symbol List:
//** Routines locations **
//ADDRESS    SIZE    PROCEDURE
//----------------------------------------------
0x001C      [24]    _COMFREM
0x0034     [600]    _SDIV3232L
0x028C      [18]    _UART1_Read
0x029E      [10]    _UART1_Data_Ready
0x02A8      [14]    _UART1_Write
0x02B6      [82]    _Mul_32x32_U
0x0308       [2]    _error
0x030A      [74]    _blinkD0
0x0354      [16]    _Get_Fosc_kHz
0x0364     [346]    _Div_32x32_S
0x04BE      [86]    _UART1_Init
0x0514     [452]    _Soft_UART_Init
0x06D8     [222]    _listenSI
0x07B6      [16]    ___CC2DW
0x07C6      [74]    _timeout
0x0810      [58]    _halt
0x084A      [74]    _setLang
0x0894     [120]    _MAIN
//** Variables locations ** 
//ADDRESS    SIZE    VARIABLE
//----------------------------------------------
0x0000       [1]    EEPROM_Write_SaveINTCON_L0
0x0000       [1]    UART1_Init_tmp_L0
0x0000       [1]    __Lib_SoftI2C_PutZerosToLATScl_temp_scl_L0
0x0000       [1]    __Lib_SoftI2C_PutZerosToLATSda_temp_sda_L0
0x0000       [1]    R0
0x0000       [1]    FLASH_Erase_64_SaveINTCON_L0
0x0000       [1]    SPI1_Write_tmp_L0
0x0001       [1]    I2C1_Rd_tmp_L0
0x0001       [1]    FLASH_Write_64_i_L0
0x0001       [1]    __Lib_PS2_Wait_Falling_nsample_L0
0x0001       [1]    UART1_Read___tmp_UART1_Read_L0
0x0001       [2]    FLASH_Read_N_Bytes_i_L0
0x0001       [1]    FLASH_Erase_Write_64_i_L0
0x0001       [1]    __Lib_TFT_16bit_JPEG_FileRead_i_L0
0x0001       [1]    __Lib_TFT_JPEG_FileRead_i_L0
0x0001       [1]    __Lib_TFT_16bit_JPEG_FileReadBytes_Result_L0
0x0001       [1]    ispunct_rslt_L0
0x0001       [1]    R1
0x0001       [1]    __Lib_TFT_JPEG_FileReadBytes_Result_L0
0x0002       [2]    memcpy_dd_L0
0x0002       [1]    FLASH_Erase_Write_64_j_L0
0x0002       [2]    memchr_s_L0
0x0002       [2]    memset_pp_L0
0x0002       [1]    FLASH_Write_64_SaveINTCON_L0
0x0002       [1]    R2
0x0002       [2]    strlen_cp_L0
0x0003       [2]    Ltrim_original_L0
0x0003       [2]    MM_TotalFreeMemSize_Tot_L0
0x0003       [1]    R3
0x0003       [1]    __Lib_Sprinti_?FLOC____Lib_Sprinti_Do_FillT29
0x0003       [1]    FLASH_Erase_Write_64_SaveINTCON_L0
0x0003       [2]    __Lib_MmcFat16_f16_toInt_l_L0
0x0003       [1]    MM_Init_i_L0
0x0003       [2]    memmove_tt_L0
0x0004       [2]    __Lib_MemManager_MM_GetMemAlign_P_L0
0x0004       [2]    strcpy_cp_L0
0x0004       [2]    strcat_cp_L0
0x0004       [2]    strncpy_cp_L0
0x0004       [2]    strncat_cp_L0
0x0004       [1]    __Lib_Sprinti_?FLOC____Lib_Sprinti_Do_FillT40
0x0004       [1]    R4
0x0004       [2]    frexp_pom_L0
0x0004       [2]    memcpy_ss_L0
0x0005       [1]    R5
0x0005       [2]    LongIntToHex_input_half_L0
0x0005       [2]    LongWordToHex_input_half_L0
0x0005       [2]    Ltrim_p_L0
0x0005       [2]    memmove_ff_L0
0x0005       [1]    __Lib_Sprinti_?FLOC____Lib_Sprinti_Do_FillT54
0x0005       [1]    MM_TotalFreeMemSize_i_L0
0x0006       [1]    R6
0x0006       [1]    __Lib_Sprinti_?FLOC____Lib_Sprinti_Do_FillT69
0x0006       [1]    __Lib_MemManager_MM_GetMemAlign_i_L0
0x0007       [1]    __Lib_TFT_JPEG_GenerateHuffmanTables_bLength_L0
0x0007       [1]    __Lib_TFT_16bit_JPEG_GenerateHuffmanTables_bLength_L0
0x0007       [1]    R7
0x0008       [1]    __Lib_TFT_16bit_JPEG_GenerateHuffmanTables_bTable_L0
0x0008       [1]    __Lib_TFT_JPEG_GenerateHuffmanTables_bTable_L0
0x0008       [1]    R8
0x0009       [4]    __Lib_MmcFat16_f16_toLong_l_L0
0x0009       [1]    R9
0x000A       [1]    R10
0x000B       [1]    R11
0x000C       [1]    R12
0x000D       [1]    R13
0x000E       [1]    R14
0x000F       [1]    R15
0x0010       [1]    R16
0x0011       [1]    R17
0x0012       [1]    R18
0x0013       [1]    R19
0x0014       [1]    R20
0x0015       [1]    __Lib_SoftUART_FullBit
0x0016       [1]    __Lib_SoftUART_InvertMaskRd
0x0017       [4]    _UART_Wr_Ptr
0x001B       [1]    __Lib_SoftUART_HalfBit
0x001C       [1]    __Lib_SoftUART__tx_mask0
0x001D       [1]    __Lib_SoftUART__rx_mask1
0x001E       [2]    __Lib_SoftUART__port_addr
0x0020       [1]    __Lib_SoftUART__tx_mask1
0x0021       [1]    __Lib_SoftUART__rx_mask0
0x0022       [4]    _UART_Rdy_Ptr
0x0026       [4]    _UART_Tx_Idle_Ptr
0x002A       [4]    _UART_Rd_Ptr
0x002E       [1]    MAIN_error_L0
0x002F       [1]    MAIN_receive_L0
0x0030       [1]    halt_rec_L0
0x0030       [1]    FARG_timeout_i
0x0030       [2]    FARG_Soft_UART_Init_port
0x0030       [1]    FARG_setLang_i
0x0030       [1]    FARG_listenSI_i
0x0031       [1]    setLang_rec_L0
0x0031       [1]    listenSI_receive_L0
0x0031       [1]    timeout_rec_L0
0x0032       [1]    FARG_Soft_UART_Init_rx_pin
0x0032       [1]    listenSI_command_L0
0x0033       [1]    FARG_Soft_UART_Init_tx_pin
0x0034       [4]    FARG_Soft_UART_Init_baud_rate
0x0038       [1]    FARG_Soft_UART_Init_inverted
0x0039       [4]    Soft_UART_Init_q1_L0
0x003D       [4]    Soft_UART_Init_q2_L0
0x0041       [2]    Soft_UART_Init_temp_word_L0
0x0043       [4]    FLOC__Soft_UART_Init
0x0047       [2]    FARG_blinkD0_a
0x0047       [1]    FARG_UART1_Write_data_
0x0049       [2]    blinkD0_i_L0
0x0F83       [1]    PORTD
0x0F8C       [0]    LATD0_bit
0x0F94       [0]    TRISC6_bit
0x0F94       [0]    TRISC7_bit
0x0F95       [0]    TRISD1_bit
0x0F95       [0]    TRISD0_bit
0x0F9E       [1]    PIR1
0x0FAB       [1]    RCSTA
0x0FAC       [1]    TXSTA
0x0FAD       [1]    TXREG
0x0FAE       [1]    RCREG
0x0FAF       [1]    SPBRG
0x0FB0       [1]    SPBRGH
0x0FB8       [1]    BAUDCON
0x0FD8       [1]    STATUS
0x0FD9       [1]    FSR2L
0x0FDA       [1]    FSR2H
0x0FDE       [1]    POSTINC2
0x0FE0       [1]    BSR
0x0FE1       [1]    FSR1L
0x0FE2       [1]    FSR1H
0x0FE4       [1]    PREINC1
0x0FE6       [1]    POSTINC1
0x0FE7       [1]    INDF1
0x0FE8       [1]    WREG
0x0FE9       [2]    FSR0
0x0FE9       [1]    FSR0L
0x0FEA       [1]    FSR0H
0x0FEE       [1]    POSTINC0
0x0FEF       [1]    INDF0
0x0FF3       [1]    PRODL
0x0FF4       [1]    PRODH
0x0FF5       [1]    TABLAT
0x0FF6       [1]    TBLPTRL
0x0FF7       [1]    TBLPTRH
0x0FF8       [1]    TBLPTRU
