
ROM used:   3878/64704 (6%)
            3878/64704 (6%) including unused fragments

            0.9 Average locations per line
            3.6 Average locations per statement

RAM used:   116/3956 (3%) at main() level
            128/3956 (3%) worst case

Stack used: 6 worst case (3 in main + 3 for interrupts)
Stack size: 30

Lines Stmts  %   Files
----- ----- ---  -----
 1489   625  59  main.c
  842     0   0  ..\..\..\..\..\..\..\..\Program Files (x86)\PICC\devices\18f4620.h
  435     0   0  ..\..\..\..\..\..\..\..\Program Files (x86)\PICC\drivers\string.h
   32     0   0  ..\..\..\..\..\..\..\..\Program Files (x86)\PICC\drivers\stddef.h
   28     0   0  ..\..\..\..\..\..\..\..\Program Files (x86)\PICC\drivers\ctype.h
 1352   359  34  ..\..\..\..\..\..\..\..\Program Files (x86)\PICC\drivers\stdlib.h
  113     0   0  protocol.h
  269    79   7  ..\..\..\..\..\..\..\..\Program Files (x86)\PICC\drivers\input.c
----- -----
 4560  1063 Total

Page ROM  %  RAM    Vol Diff  Functions:
---- --- --- ---    --- ----  ----------
0    106   1    9    290  6.0  strcat
0     40   1    1             @delay_ms1
0      8   0    0             @PUTCHARI_BIU_1
0     64   1    1             @PUTCHAR_2_
0     66   1    1             @PUTCHAR_3_
0     34   0    2    167  3.3  blinkD0
0     34   0    2    167  3.3  blinkD2
0      8   0    0     17  0.8  ms25
0      8   0    1     33  1.7  print_debug
0     76   1    0    197  1.8  gsmSetup
0     48   1    2             @PSTRINGR_901
0   1212  16    2  14192  6.0  playback
0     78   1    0             @goto47263
0     40   1    1    197  3.6  stop_EVR
0     44   1    2    238  3.8  setLang
0     44   1    2    238  3.8  setTimeout
0     42   1    1    223  3.2  listenWS1
0     42   1    1    223  3.2  listenGP1
0     42   1    1    223  3.2  listenGP2
0     42   1    1    223  3.2  listenGP3
0     12   0    0     38  1.4  detect_call
0     66   1    2    150  3.3  button2
0     18   0    0             @const1112
0     32   0    2             @PSTRINGC_901
0    106   1    2    319  5.4  button1
0      6   0    0             @const1116
0      6   0    0             @const1117
0     10   0    0     17  0.8  live
0     50   1    2    136  3.1  call_signal
0   1258  16   15   6332  9.0  main
0     18   0    0             @const1130
 Inline         0             @cinit1

Program metrics:
    Functions               20
    Statements              1063
    Comments                1528
    Volume (V)              30680
    Difficulty (D)          73.4
    Effort to implement (E) 2253361
    Time to implement (T)   34 hours, 46 minutes
    Est Delivered Bugs (B)  6
    Cyclomatic Complexity   120
    Maintainability (MI)    108

 Segment     Used  Free
-----------  ----  ----
00000-00002     4  0  
00004-00006     0  4  
00008-000DC   214  0  
000DE-0FCBE  3660  60822  



